[debug] [2021-05-25T22:36:19.057Z] ----------------------------------------------------------------------
[debug] [2021-05-25T22:36:19.059Z] Command:       C:\Program Files\nodejs\node.exe C:\Users\shiva\AppData\Roaming\npm\node_modules\firebase-tools\lib\bin\firebase.js --debug deploy
[debug] [2021-05-25T22:36:19.059Z] CLI Version:   9.11.0
[debug] [2021-05-25T22:36:19.059Z] Platform:      win32
[debug] [2021-05-25T22:36:19.059Z] Node Version:  v15.14.0
[debug] [2021-05-25T22:36:19.060Z] Time:          Tue May 25 2021 18:36:19 GMT-0400 (Eastern Daylight Time)
[debug] [2021-05-25T22:36:19.061Z] ----------------------------------------------------------------------
[debug] 
[debug] [2021-05-25T22:36:19.068Z] > command requires scopes: ["email","openid","https://www.googleapis.com/auth/cloudplatformprojects.readonly","https://www.googleapis.com/auth/firebase","https://www.googleapis.com/auth/cloud-platform"]
[debug] [2021-05-25T22:36:19.069Z] > authorizing via signed-in user (sramsamooj92@gmail.com)
[debug] [2021-05-25T22:36:19.070Z] [iam] checking project rhynocare-test for permissions ["cloudfunctions.functions.create","cloudfunctions.functions.delete","cloudfunctions.functions.get","cloudfunctions.functions.list","cloudfunctions.functions.update","cloudfunctions.operations.get","firebase.projects.get"]
[debug] [2021-05-25T22:36:19.073Z] >>> HTTP REQUEST POST https://cloudresourcemanager.googleapis.com/v1/projects/rhynocare-test:testIamPermissions  
 {"permissions":["cloudfunctions.functions.create","cloudfunctions.functions.delete","cloudfunctions.functions.get","cloudfunctions.functions.list","cloudfunctions.functions.update","cloudfunctions.operations.get","firebase.projects.get"]}
[debug] [2021-05-25T22:36:19.353Z] <<< HTTP RESPONSE 200 {"content-type":"application/json; charset=UTF-8","vary":"X-Origin, Referer, Origin,Accept-Encoding","date":"Tue, 25 May 2021 22:36:20 GMT","server":"ESF","cache-control":"private","x-xss-protection":"0","x-frame-options":"SAMEORIGIN","x-content-type-options":"nosniff","server-timing":"gfet4t7; dur=158","alt-svc":"h3-29=\":443\"; ma=2592000,h3-T051=\":443\"; ma=2592000,h3-Q050=\":443\"; ma=2592000,h3-Q046=\":443\"; ma=2592000,h3-Q043=\":443\"; ma=2592000,quic=\":443\"; ma=2592000; v=\"46,43\"","accept-ranges":"none","transfer-encoding":"chunked"}
[debug] [2021-05-25T22:36:19.359Z] >>> HTTP REQUEST POST https://iam.googleapis.com/v1/projects/rhynocare-test/serviceAccounts/rhynocare-test@appspot.gserviceaccount.com:testIamPermissions  
 {"permissions":["iam.serviceAccounts.actAs"]}
[debug] [2021-05-25T22:36:19.621Z] <<< HTTP RESPONSE 200 {"content-type":"application/json; charset=UTF-8","vary":"X-Origin, Referer, Origin,Accept-Encoding","date":"Tue, 25 May 2021 22:36:20 GMT","server":"ESF","cache-control":"private","x-xss-protection":"0","x-frame-options":"SAMEORIGIN","x-content-type-options":"nosniff","alt-svc":"h3-29=\":443\"; ma=2592000,h3-T051=\":443\"; ma=2592000,h3-Q050=\":443\"; ma=2592000,h3-Q046=\":443\"; ma=2592000,h3-Q043=\":443\"; ma=2592000,quic=\":443\"; ma=2592000; v=\"46,43\"","accept-ranges":"none","transfer-encoding":"chunked"}
[info] 
[info] === Deploying to 'rhynocare-test'...
[info] 
[info] i  deploying functions 
[info] i  functions: ensuring required API cloudfunctions.googleapis.com is enabled... 
[info] i  functions: ensuring required API cloudbuild.googleapis.com is enabled... 
[debug] [2021-05-25T22:36:23.123Z] >>> HTTP REQUEST GET https://serviceusage.googleapis.com/v1/projects/rhynocare-test/services/cloudfunctions.googleapis.com  
 
[debug] [2021-05-25T22:36:23.124Z] >>> HTTP REQUEST GET https://serviceusage.googleapis.com/v1/projects/rhynocare-test/services/runtimeconfig.googleapis.com  
 
[debug] [2021-05-25T22:36:23.125Z] >>> HTTP REQUEST GET https://serviceusage.googleapis.com/v1/projects/rhynocare-test/services/cloudbuild.googleapis.com  
 
[debug] [2021-05-25T22:36:23.480Z] <<< HTTP RESPONSE 200 {"content-type":"application/json; charset=UTF-8","vary":"X-Origin, Referer, Origin,Accept-Encoding","date":"Tue, 25 May 2021 22:36:24 GMT","server":"ESF","cache-control":"private","x-xss-protection":"0","x-frame-options":"SAMEORIGIN","x-content-type-options":"nosniff","alt-svc":"h3-29=\":443\"; ma=2592000,h3-T051=\":443\"; ma=2592000,h3-Q050=\":443\"; ma=2592000,h3-Q046=\":443\"; ma=2592000,h3-Q043=\":443\"; ma=2592000,quic=\":443\"; ma=2592000; v=\"46,43\"","accept-ranges":"none","transfer-encoding":"chunked"}
[debug] [2021-05-25T22:36:23.492Z] <<< HTTP RESPONSE 200 {"content-type":"application/json; charset=UTF-8","vary":"X-Origin, Referer, Origin,Accept-Encoding","date":"Tue, 25 May 2021 22:36:24 GMT","server":"ESF","cache-control":"private","x-xss-protection":"0","x-frame-options":"SAMEORIGIN","x-content-type-options":"nosniff","alt-svc":"h3-29=\":443\"; ma=2592000,h3-T051=\":443\"; ma=2592000,h3-Q050=\":443\"; ma=2592000,h3-Q046=\":443\"; ma=2592000,h3-Q043=\":443\"; ma=2592000,quic=\":443\"; ma=2592000; v=\"46,43\"","accept-ranges":"none","transfer-encoding":"chunked"}
[info] +  functions: required API cloudbuild.googleapis.com is enabled 
[debug] [2021-05-25T22:36:23.495Z] <<< HTTP RESPONSE 200 {"content-type":"application/json; charset=UTF-8","vary":"X-Origin, Referer, Origin,Accept-Encoding","date":"Tue, 25 May 2021 22:36:24 GMT","server":"ESF","cache-control":"private","x-xss-protection":"0","x-frame-options":"SAMEORIGIN","x-content-type-options":"nosniff","alt-svc":"h3-29=\":443\"; ma=2592000,h3-T051=\":443\"; ma=2592000,h3-Q050=\":443\"; ma=2592000,h3-Q046=\":443\"; ma=2592000,h3-Q043=\":443\"; ma=2592000,quic=\":443\"; ma=2592000; v=\"46,43\"","accept-ranges":"none","transfer-encoding":"chunked"}
[info] +  functions: required API cloudfunctions.googleapis.com is enabled 
[debug] [2021-05-25T22:36:23.496Z] >>> HTTP REQUEST GET https://firebase.googleapis.com/v1beta1/projects/rhynocare-test/adminSdkConfig  
 
[debug] [2021-05-25T22:36:23.756Z] <<< HTTP RESPONSE 200 {"content-type":"application/json; charset=UTF-8","vary":"X-Origin, Referer, Origin,Accept-Encoding","date":"Tue, 25 May 2021 22:36:24 GMT","server":"ESF","cache-control":"private","x-xss-protection":"0","x-frame-options":"SAMEORIGIN","x-content-type-options":"nosniff","alt-svc":"h3-29=\":443\"; ma=2592000,h3-T051=\":443\"; ma=2592000,h3-Q050=\":443\"; ma=2592000,h3-Q046=\":443\"; ma=2592000,h3-Q043=\":443\"; ma=2592000,quic=\":443\"; ma=2592000; v=\"46,43\"","accept-ranges":"none","transfer-encoding":"chunked"}
[info] i  functions: preparing functions directory for uploading... 
[debug] [2021-05-25T22:36:23.758Z] >>> HTTP REQUEST GET https://runtimeconfig.googleapis.com/v1beta1/projects/rhynocare-test/configs  
 
[debug] [2021-05-25T22:36:24.102Z] <<< HTTP RESPONSE 200 {"content-type":"application/json; charset=UTF-8","vary":"X-Origin, Referer, Origin,Accept-Encoding","date":"Tue, 25 May 2021 22:36:25 GMT","server":"ESF","cache-control":"private","x-xss-protection":"0","x-frame-options":"SAMEORIGIN","x-content-type-options":"nosniff","alt-svc":"h3-29=\":443\"; ma=2592000,h3-T051=\":443\"; ma=2592000,h3-Q050=\":443\"; ma=2592000,h3-Q046=\":443\"; ma=2592000,h3-Q043=\":443\"; ma=2592000,quic=\":443\"; ma=2592000; v=\"46,43\"","accept-ranges":"none","transfer-encoding":"chunked"}
[info] i  functions: packaged functions (48.03 KB) for uploading 
[debug] [2021-05-25T22:36:24.834Z] > [functions] package.json contents: {
  "name": "functions",
  "description": "Cloud Functions for Firebase",
  "scripts": {
    "serve": "firebase emulators:start --only functions",
    "shell": "firebase functions:shell",
    "start": "npm run shell",
    "deploy": "firebase deploy --only functions",
    "logs": "firebase functions:log"
  },
  "engines": {
    "node": "12"
  },
  "main": "index.js",
  "dependencies": {
    "express": "^4.17.1",
    "firebase-admin": "^9.2.0",
    "firebase-functions": "^3.11.0"
  },
  "devDependencies": {
    "firebase-functions-test": "^0.2.0"
  },
  "private": true
}
[debug] [2021-05-25T22:36:24.837Z] >>> HTTP REQUEST GET https://cloudfunctions.googleapis.com/v1/projects/rhynocare-test/locations/-/functions  
 
[debug] [2021-05-25T22:36:25.266Z] <<< HTTP RESPONSE 200 {"content-type":"application/json; charset=UTF-8","vary":"X-Origin, Referer, Origin,Accept-Encoding","date":"Tue, 25 May 2021 22:36:26 GMT","server":"ESF","cache-control":"private","x-xss-protection":"0","x-frame-options":"SAMEORIGIN","x-content-type-options":"nosniff","alt-svc":"h3-29=\":443\"; ma=2592000,h3-T051=\":443\"; ma=2592000,h3-Q050=\":443\"; ma=2592000,h3-Q046=\":443\"; ma=2592000,h3-Q043=\":443\"; ma=2592000,quic=\":443\"; ma=2592000; v=\"46,43\"","accept-ranges":"none","transfer-encoding":"chunked"}
[debug] [2021-05-25T22:36:25.268Z] >>> HTTP REQUEST POST https://cloudfunctions.googleapis.com/v1/projects/rhynocare-test/locations/us-central1/functions:generateUploadUrl  
 
[debug] [2021-05-25T22:36:25.735Z] <<< HTTP RESPONSE 200 {"content-type":"application/json; charset=UTF-8","vary":"X-Origin, Referer, Origin,Accept-Encoding","date":"Tue, 25 May 2021 22:36:26 GMT","server":"ESF","cache-control":"private","x-xss-protection":"0","x-frame-options":"SAMEORIGIN","x-content-type-options":"nosniff","alt-svc":"h3-29=\":443\"; ma=2592000,h3-T051=\":443\"; ma=2592000,h3-Q050=\":443\"; ma=2592000,h3-Q046=\":443\"; ma=2592000,h3-Q043=\":443\"; ma=2592000,quic=\":443\"; ma=2592000; v=\"46,43\"","accept-ranges":"none","transfer-encoding":"chunked"}
[debug] [2021-05-25T22:36:25.738Z] >>> HTTP REQUEST PUT https://storage.googleapis.com/gcf-upload-us-central1-24612c4e-895b-43e4-976b-d44a46bc53f7/520d8b4a-facc-43c9-a930-4869e7db0347.zip?GoogleAccessId=service-709946744730@gcf-admin-robot.iam.gserviceaccount.com&Expires=1621983986&Signature=wi845Lm%2Bih3dM2G9s3%2FXkgLdCTZk2RJtUzFAWVFDO7NZ8aHSBFLhSU59%2FC25e%2FR9cBcKNLcjI4QHS3ZUYERSaG4ANQH%2BQgOszw74Zvf1pPwC7kZIopemRP6Xe86nQc48p6X4r5CQ9gBwOpQGjkKn1HpAXDYWfjJcC68IIRKllgtL5bje%2BsU8Ru%2B8CEVYAxs40fzF%2FWOjaH40p32oi1HH6WS3u%2Fon7BOXUkzqdM05Dq7%2FNOH%2FjG2AKRz%2FpWob0h3ImtWE40zmA38iIqyAUHm1fKuUi3Hsol%2Fe3kE4y9l2A7fDuxltrk%2FqwP6cKbZoaRa%2F2vaZ8Yk3oYz5BzXZb9HL2g%3D%3D  
 <request body omitted>
[debug] [2021-05-25T22:36:25.935Z] <<< HTTP RESPONSE 200 {"x-guploader-uploadid":"ABg5-UxMCkyxTjIKmL-5Lk80BzIWSAxm08ScSuH9_VeyeshqHUts28f-5-EHPKO8w8Yo8Qo3dCKbqxJwmL4_pkFlBFI","etag":"\"7eaf7e3555b63be69bd2d85da901a72e\"","x-goog-generation":"1621982186883040","x-goog-metageneration":"1","x-goog-hash":"crc32c=mYXznw==, md5=fq9+NVW2O+ab0thdqQGnLg==","x-goog-stored-content-length":"49182","x-goog-stored-content-encoding":"identity","vary":"Origin","content-length":"0","date":"Tue, 25 May 2021 22:36:26 GMT","server":"UploadServer","content-type":"text/html; charset=UTF-8","alt-svc":"h3-29=\":443\"; ma=2592000,h3-T051=\":443\"; ma=2592000,h3-Q050=\":443\"; ma=2592000,h3-Q046=\":443\"; ma=2592000,h3-Q043=\":443\"; ma=2592000,quic=\":443\"; ma=2592000; v=\"46,43\""}
[info] +  functions: functions folder uploaded successfully 
[info] i  functions: updating Node.js 12 function api(us-central1)... 
[debug] [2021-05-25T22:36:25.943Z] >>> HTTP REQUEST PATCH https://cloudfunctions.googleapis.com/v1/projects/rhynocare-test/locations/us-central1/functions/api {"updateMask":"sourceUploadUrl,name,labels,runtime,environmentVariables,httpsTrigger"} 
 {"sourceUploadUrl":"https://storage.googleapis.com/gcf-upload-us-central1-24612c4e-895b-43e4-976b-d44a46bc53f7/520d8b4a-facc-43c9-a930-4869e7db0347.zip?GoogleAccessId=service-709946744730@gcf-admin-robot.iam.gserviceaccount.com&Expires=1621983986&Signature=wi845Lm%2Bih3dM2G9s3%2FXkgLdCTZk2RJtUzFAWVFDO7NZ8aHSBFLhSU59%2FC25e%2FR9cBcKNLcjI4QHS3ZUYERSaG4ANQH%2BQgOszw74Zvf1pPwC7kZIopemRP6Xe86nQc48p6X4r5CQ9gBwOpQGjkKn1HpAXDYWfjJcC68IIRKllgtL5bje%2BsU8Ru%2B8CEVYAxs40fzF%2FWOjaH40p32oi1HH6WS3u%2Fon7BOXUkzqdM05Dq7%2FNOH%2FjG2AKRz%2FpWob0h3ImtWE40zmA38iIqyAUHm1fKuUi3Hsol%2Fe3kE4y9l2A7fDuxltrk%2FqwP6cKbZoaRa%2F2vaZ8Yk3oYz5BzXZb9HL2g%3D%3D","name":"projects/rhynocare-test/locations/us-central1/functions/api","labels":{"deployment-tool":"cli-firebase"},"httpsTrigger":{},"runtime":"nodejs12","environmentVariables":{"FIREBASE_CONFIG":"{\"projectId\":\"rhynocare-test\",\"storageBucket\":\"rhynocare-test.appspot.com\"}"}}
[debug] [2021-05-25T22:36:26.374Z] <<< HTTP RESPONSE 200 {"content-type":"application/json; charset=UTF-8","vary":"X-Origin, Referer, Origin,Accept-Encoding","date":"Tue, 25 May 2021 22:36:27 GMT","server":"ESF","cache-control":"private","x-xss-protection":"0","x-frame-options":"SAMEORIGIN","x-content-type-options":"nosniff","alt-svc":"h3-29=\":443\"; ma=2592000,h3-T051=\":443\"; ma=2592000,h3-Q050=\":443\"; ma=2592000,h3-Q046=\":443\"; ma=2592000,h3-Q043=\":443\"; ma=2592000,quic=\":443\"; ma=2592000; v=\"46,43\"","accept-ranges":"none","transfer-encoding":"chunked"}
[debug] [2021-05-25T22:36:26.379Z] > refreshing access token with scopes: []
[debug] [2021-05-25T22:36:26.381Z] >>> HTTP REQUEST POST https://www.googleapis.com/oauth2/v3/token  
 <request body omitted>
[debug] [2021-05-25T22:36:26.518Z] <<< HTTP RESPONSE 200 {"cache-control":"no-cache, no-store, max-age=0, must-revalidate","expires":"Mon, 01 Jan 1990 00:00:00 GMT","pragma":"no-cache","date":"Tue, 25 May 2021 22:36:27 GMT","content-type":"application/json; charset=utf-8","vary":"X-Origin, Referer, Origin,Accept-Encoding","server":"scaffolding on HTTPServer2","x-xss-protection":"0","x-frame-options":"SAMEORIGIN","x-content-type-options":"nosniff","alt-svc":"h3-29=\":443\"; ma=2592000,h3-T051=\":443\"; ma=2592000,h3-Q050=\":443\"; ma=2592000,h3-Q046=\":443\"; ma=2592000,h3-Q043=\":443\"; ma=2592000,quic=\":443\"; ma=2592000; v=\"46,43\"","accept-ranges":"none","transfer-encoding":"chunked"}
[debug] [2021-05-25T22:36:26.540Z] >>> [apiv2][query] GET https://cloudfunctions.googleapis.com/v1/operations/cmh5bm9jYXJlLXRlc3QvdXMtY2VudHJhbDEvYXBpL0o5dTNaTUYzOUsw [none]
[debug] [2021-05-25T22:36:26.704Z] <<< [apiv2][status] GET https://cloudfunctions.googleapis.com/v1/operations/cmh5bm9jYXJlLXRlc3QvdXMtY2VudHJhbDEvYXBpL0o5dTNaTUYzOUsw 200
[debug] [2021-05-25T22:36:26.705Z] <<< [apiv2][body] GET https://cloudfunctions.googleapis.com/v1/operations/cmh5bm9jYXJlLXRlc3QvdXMtY2VudHJhbDEvYXBpL0o5dTNaTUYzOUsw {"name":"operations/cmh5bm9jYXJlLXRlc3QvdXMtY2VudHJhbDEvYXBpL0o5dTNaTUYzOUsw","metadata":{"@type":"type.googleapis.com/google.cloud.functions.v1.OperationMetadataV1","target":"projects/rhynocare-test/locations/us-central1/functions/api","type":"UPDATE_FUNCTION","request":{"@type":"type.googleapis.com/google.cloud.functions.v1.CloudFunction","name":"projects/rhynocare-test/locations/us-central1/functions/api","httpsTrigger":{},"status":"OFFLINE","entryPoint":"api","timeout":"60s","availableMemoryMb":256,"serviceAccountEmail":"rhynocare-test@appspot.gserviceaccount.com","updateTime":"2021-05-25T22:27:42.482Z","versionId":"3","labels":{"deployment-tool":"cli-firebase"},"sourceUploadUrl":"https://storage.googleapis.com/gcf-upload-us-central1-24612c4e-895b-43e4-976b-d44a46bc53f7/520d8b4a-facc-43c9-a930-4869e7db0347.zip?GoogleAccessId=service-709946744730@gcf-admin-robot.iam.gserviceaccount.com&Expires=1621983986&Signature=wi845Lm%2Bih3dM2G9s3%2FXkgLdCTZk2RJtUzFAWVFDO7NZ8aHSBFLhSU59%2FC25e%2FR9cBcKNLcjI4QHS3ZUYERSaG4ANQH%2BQgOszw74Zvf1pPwC7kZIopemRP6Xe86nQc48p6X4r5CQ9gBwOpQGjkKn1HpAXDYWfjJcC68IIRKllgtL5bje%2BsU8Ru%2B8CEVYAxs40fzF%2FWOjaH40p32oi1HH6WS3u%2Fon7BOXUkzqdM05Dq7%2FNOH%2FjG2AKRz%2FpWob0h3ImtWE40zmA38iIqyAUHm1fKuUi3Hsol%2Fe3kE4y9l2A7fDuxltrk%2FqwP6cKbZoaRa%2F2vaZ8Yk3oYz5BzXZb9HL2g%3D%3D","environmentVariables":{"FIREBASE_CONFIG":"{\"projectId\":\"rhynocare-test\",\"storageBucket\":\"rhynocare-test.appspot.com\"}"},"runtime":"nodejs12","ingressSettings":"ALLOW_ALL","buildId":"b73d4847-4640-4c3c-95d1-06d370fec946"},"versionId":"4","updateTime":"2021-05-25T22:36:27Z","buildName":"projects/709946744730/locations/us-central1/builds/b73d4847-4640-4c3c-95d1-06d370fec946"}}
[debug] [2021-05-25T22:36:27.211Z] [update-projects/rhynocare-test/locations/us-central1/functions/api] Retrying task index 0
[debug] [2021-05-25T22:36:27.212Z] >>> [apiv2][query] GET https://cloudfunctions.googleapis.com/v1/operations/cmh5bm9jYXJlLXRlc3QvdXMtY2VudHJhbDEvYXBpL0o5dTNaTUYzOUsw [none]
[debug] [2021-05-25T22:36:27.377Z] <<< [apiv2][status] GET https://cloudfunctions.googleapis.com/v1/operations/cmh5bm9jYXJlLXRlc3QvdXMtY2VudHJhbDEvYXBpL0o5dTNaTUYzOUsw 200
[debug] [2021-05-25T22:36:27.378Z] <<< [apiv2][body] GET https://cloudfunctions.googleapis.com/v1/operations/cmh5bm9jYXJlLXRlc3QvdXMtY2VudHJhbDEvYXBpL0o5dTNaTUYzOUsw {"name":"operations/cmh5bm9jYXJlLXRlc3QvdXMtY2VudHJhbDEvYXBpL0o5dTNaTUYzOUsw","metadata":{"@type":"type.googleapis.com/google.cloud.functions.v1.OperationMetadataV1","target":"projects/rhynocare-test/locations/us-central1/functions/api","type":"UPDATE_FUNCTION","request":{"@type":"type.googleapis.com/google.cloud.functions.v1.CloudFunction","name":"projects/rhynocare-test/locations/us-central1/functions/api","httpsTrigger":{},"status":"OFFLINE","entryPoint":"api","timeout":"60s","availableMemoryMb":256,"serviceAccountEmail":"rhynocare-test@appspot.gserviceaccount.com","updateTime":"2021-05-25T22:27:42.482Z","versionId":"3","labels":{"deployment-tool":"cli-firebase"},"sourceUploadUrl":"https://storage.googleapis.com/gcf-upload-us-central1-24612c4e-895b-43e4-976b-d44a46bc53f7/520d8b4a-facc-43c9-a930-4869e7db0347.zip?GoogleAccessId=service-709946744730@gcf-admin-robot.iam.gserviceaccount.com&Expires=1621983986&Signature=wi845Lm%2Bih3dM2G9s3%2FXkgLdCTZk2RJtUzFAWVFDO7NZ8aHSBFLhSU59%2FC25e%2FR9cBcKNLcjI4QHS3ZUYERSaG4ANQH%2BQgOszw74Zvf1pPwC7kZIopemRP6Xe86nQc48p6X4r5CQ9gBwOpQGjkKn1HpAXDYWfjJcC68IIRKllgtL5bje%2BsU8Ru%2B8CEVYAxs40fzF%2FWOjaH40p32oi1HH6WS3u%2Fon7BOXUkzqdM05Dq7%2FNOH%2FjG2AKRz%2FpWob0h3ImtWE40zmA38iIqyAUHm1fKuUi3Hsol%2Fe3kE4y9l2A7fDuxltrk%2FqwP6cKbZoaRa%2F2vaZ8Yk3oYz5BzXZb9HL2g%3D%3D","environmentVariables":{"FIREBASE_CONFIG":"{\"projectId\":\"rhynocare-test\",\"storageBucket\":\"rhynocare-test.appspot.com\"}"},"runtime":"nodejs12","ingressSettings":"ALLOW_ALL","buildId":"b73d4847-4640-4c3c-95d1-06d370fec946"},"versionId":"4","updateTime":"2021-05-25T22:36:27Z","buildId":"90724770-f0c7-444e-9809-42bf77b4edbd","buildName":"projects/709946744730/locations/us-central1/builds/90724770-f0c7-444e-9809-42bf77b4edbd"}}
[debug] [2021-05-25T22:36:28.392Z] [update-projects/rhynocare-test/locations/us-central1/functions/api] Retrying task index 0
[debug] [2021-05-25T22:36:28.395Z] >>> [apiv2][query] GET https://cloudfunctions.googleapis.com/v1/operations/cmh5bm9jYXJlLXRlc3QvdXMtY2VudHJhbDEvYXBpL0o5dTNaTUYzOUsw [none]
[debug] [2021-05-25T22:36:28.572Z] <<< [apiv2][status] GET https://cloudfunctions.googleapis.com/v1/operations/cmh5bm9jYXJlLXRlc3QvdXMtY2VudHJhbDEvYXBpL0o5dTNaTUYzOUsw 200
[debug] [2021-05-25T22:36:28.573Z] <<< [apiv2][body] GET https://cloudfunctions.googleapis.com/v1/operations/cmh5bm9jYXJlLXRlc3QvdXMtY2VudHJhbDEvYXBpL0o5dTNaTUYzOUsw {"name":"operations/cmh5bm9jYXJlLXRlc3QvdXMtY2VudHJhbDEvYXBpL0o5dTNaTUYzOUsw","metadata":{"@type":"type.googleapis.com/google.cloud.functions.v1.OperationMetadataV1","target":"projects/rhynocare-test/locations/us-central1/functions/api","type":"UPDATE_FUNCTION","request":{"@type":"type.googleapis.com/google.cloud.functions.v1.CloudFunction","name":"projects/rhynocare-test/locations/us-central1/functions/api","httpsTrigger":{},"status":"OFFLINE","entryPoint":"api","timeout":"60s","availableMemoryMb":256,"serviceAccountEmail":"rhynocare-test@appspot.gserviceaccount.com","updateTime":"2021-05-25T22:27:42.482Z","versionId":"3","labels":{"deployment-tool":"cli-firebase"},"sourceUploadUrl":"https://storage.googleapis.com/gcf-upload-us-central1-24612c4e-895b-43e4-976b-d44a46bc53f7/520d8b4a-facc-43c9-a930-4869e7db0347.zip?GoogleAccessId=service-709946744730@gcf-admin-robot.iam.gserviceaccount.com&Expires=1621983986&Signature=wi845Lm%2Bih3dM2G9s3%2FXkgLdCTZk2RJtUzFAWVFDO7NZ8aHSBFLhSU59%2FC25e%2FR9cBcKNLcjI4QHS3ZUYERSaG4ANQH%2BQgOszw74Zvf1pPwC7kZIopemRP6Xe86nQc48p6X4r5CQ9gBwOpQGjkKn1HpAXDYWfjJcC68IIRKllgtL5bje%2BsU8Ru%2B8CEVYAxs40fzF%2FWOjaH40p32oi1HH6WS3u%2Fon7BOXUkzqdM05Dq7%2FNOH%2FjG2AKRz%2FpWob0h3ImtWE40zmA38iIqyAUHm1fKuUi3Hsol%2Fe3kE4y9l2A7fDuxltrk%2FqwP6cKbZoaRa%2F2vaZ8Yk3oYz5BzXZb9HL2g%3D%3D","environmentVariables":{"FIREBASE_CONFIG":"{\"projectId\":\"rhynocare-test\",\"storageBucket\":\"rhynocare-test.appspot.com\"}"},"runtime":"nodejs12","ingressSettings":"ALLOW_ALL","buildId":"b73d4847-4640-4c3c-95d1-06d370fec946"},"versionId":"4","updateTime":"2021-05-25T22:36:27Z","buildId":"90724770-f0c7-444e-9809-42bf77b4edbd","buildName":"projects/709946744730/locations/us-central1/builds/90724770-f0c7-444e-9809-42bf77b4edbd"}}
[debug] [2021-05-25T22:36:30.581Z] [update-projects/rhynocare-test/locations/us-central1/functions/api] Retrying task index 0
[debug] [2021-05-25T22:36:30.583Z] >>> [apiv2][query] GET https://cloudfunctions.googleapis.com/v1/operations/cmh5bm9jYXJlLXRlc3QvdXMtY2VudHJhbDEvYXBpL0o5dTNaTUYzOUsw [none]
[debug] [2021-05-25T22:36:30.759Z] <<< [apiv2][status] GET https://cloudfunctions.googleapis.com/v1/operations/cmh5bm9jYXJlLXRlc3QvdXMtY2VudHJhbDEvYXBpL0o5dTNaTUYzOUsw 200
[debug] [2021-05-25T22:36:30.760Z] <<< [apiv2][body] GET https://cloudfunctions.googleapis.com/v1/operations/cmh5bm9jYXJlLXRlc3QvdXMtY2VudHJhbDEvYXBpL0o5dTNaTUYzOUsw {"name":"operations/cmh5bm9jYXJlLXRlc3QvdXMtY2VudHJhbDEvYXBpL0o5dTNaTUYzOUsw","metadata":{"@type":"type.googleapis.com/google.cloud.functions.v1.OperationMetadataV1","target":"projects/rhynocare-test/locations/us-central1/functions/api","type":"UPDATE_FUNCTION","request":{"@type":"type.googleapis.com/google.cloud.functions.v1.CloudFunction","name":"projects/rhynocare-test/locations/us-central1/functions/api","httpsTrigger":{},"status":"OFFLINE","entryPoint":"api","timeout":"60s","availableMemoryMb":256,"serviceAccountEmail":"rhynocare-test@appspot.gserviceaccount.com","updateTime":"2021-05-25T22:27:42.482Z","versionId":"3","labels":{"deployment-tool":"cli-firebase"},"sourceUploadUrl":"https://storage.googleapis.com/gcf-upload-us-central1-24612c4e-895b-43e4-976b-d44a46bc53f7/520d8b4a-facc-43c9-a930-4869e7db0347.zip?GoogleAccessId=service-709946744730@gcf-admin-robot.iam.gserviceaccount.com&Expires=1621983986&Signature=wi845Lm%2Bih3dM2G9s3%2FXkgLdCTZk2RJtUzFAWVFDO7NZ8aHSBFLhSU59%2FC25e%2FR9cBcKNLcjI4QHS3ZUYERSaG4ANQH%2BQgOszw74Zvf1pPwC7kZIopemRP6Xe86nQc48p6X4r5CQ9gBwOpQGjkKn1HpAXDYWfjJcC68IIRKllgtL5bje%2BsU8Ru%2B8CEVYAxs40fzF%2FWOjaH40p32oi1HH6WS3u%2Fon7BOXUkzqdM05Dq7%2FNOH%2FjG2AKRz%2FpWob0h3ImtWE40zmA38iIqyAUHm1fKuUi3Hsol%2Fe3kE4y9l2A7fDuxltrk%2FqwP6cKbZoaRa%2F2vaZ8Yk3oYz5BzXZb9HL2g%3D%3D","environmentVariables":{"FIREBASE_CONFIG":"{\"projectId\":\"rhynocare-test\",\"storageBucket\":\"rhynocare-test.appspot.com\"}"},"runtime":"nodejs12","ingressSettings":"ALLOW_ALL","buildId":"b73d4847-4640-4c3c-95d1-06d370fec946"},"versionId":"4","updateTime":"2021-05-25T22:36:27Z","buildId":"90724770-f0c7-444e-9809-42bf77b4edbd","buildName":"projects/709946744730/locations/us-central1/builds/90724770-f0c7-444e-9809-42bf77b4edbd"}}
[debug] [2021-05-25T22:36:34.771Z] [update-projects/rhynocare-test/locations/us-central1/functions/api] Retrying task index 0
[debug] [2021-05-25T22:36:34.773Z] >>> [apiv2][query] GET https://cloudfunctions.googleapis.com/v1/operations/cmh5bm9jYXJlLXRlc3QvdXMtY2VudHJhbDEvYXBpL0o5dTNaTUYzOUsw [none]
[debug] [2021-05-25T22:36:34.933Z] <<< [apiv2][status] GET https://cloudfunctions.googleapis.com/v1/operations/cmh5bm9jYXJlLXRlc3QvdXMtY2VudHJhbDEvYXBpL0o5dTNaTUYzOUsw 200
[debug] [2021-05-25T22:36:34.934Z] <<< [apiv2][body] GET https://cloudfunctions.googleapis.com/v1/operations/cmh5bm9jYXJlLXRlc3QvdXMtY2VudHJhbDEvYXBpL0o5dTNaTUYzOUsw {"name":"operations/cmh5bm9jYXJlLXRlc3QvdXMtY2VudHJhbDEvYXBpL0o5dTNaTUYzOUsw","metadata":{"@type":"type.googleapis.com/google.cloud.functions.v1.OperationMetadataV1","target":"projects/rhynocare-test/locations/us-central1/functions/api","type":"UPDATE_FUNCTION","request":{"@type":"type.googleapis.com/google.cloud.functions.v1.CloudFunction","name":"projects/rhynocare-test/locations/us-central1/functions/api","httpsTrigger":{},"status":"OFFLINE","entryPoint":"api","timeout":"60s","availableMemoryMb":256,"serviceAccountEmail":"rhynocare-test@appspot.gserviceaccount.com","updateTime":"2021-05-25T22:27:42.482Z","versionId":"3","labels":{"deployment-tool":"cli-firebase"},"sourceUploadUrl":"https://storage.googleapis.com/gcf-upload-us-central1-24612c4e-895b-43e4-976b-d44a46bc53f7/520d8b4a-facc-43c9-a930-4869e7db0347.zip?GoogleAccessId=service-709946744730@gcf-admin-robot.iam.gserviceaccount.com&Expires=1621983986&Signature=wi845Lm%2Bih3dM2G9s3%2FXkgLdCTZk2RJtUzFAWVFDO7NZ8aHSBFLhSU59%2FC25e%2FR9cBcKNLcjI4QHS3ZUYERSaG4ANQH%2BQgOszw74Zvf1pPwC7kZIopemRP6Xe86nQc48p6X4r5CQ9gBwOpQGjkKn1HpAXDYWfjJcC68IIRKllgtL5bje%2BsU8Ru%2B8CEVYAxs40fzF%2FWOjaH40p32oi1HH6WS3u%2Fon7BOXUkzqdM05Dq7%2FNOH%2FjG2AKRz%2FpWob0h3ImtWE40zmA38iIqyAUHm1fKuUi3Hsol%2Fe3kE4y9l2A7fDuxltrk%2FqwP6cKbZoaRa%2F2vaZ8Yk3oYz5BzXZb9HL2g%3D%3D","environmentVariables":{"FIREBASE_CONFIG":"{\"projectId\":\"rhynocare-test\",\"storageBucket\":\"rhynocare-test.appspot.com\"}"},"runtime":"nodejs12","ingressSettings":"ALLOW_ALL","buildId":"b73d4847-4640-4c3c-95d1-06d370fec946"},"versionId":"4","updateTime":"2021-05-25T22:36:27Z","buildId":"90724770-f0c7-444e-9809-42bf77b4edbd","buildName":"projects/709946744730/locations/us-central1/builds/90724770-f0c7-444e-9809-42bf77b4edbd"}}
[debug] [2021-05-25T22:36:42.938Z] [update-projects/rhynocare-test/locations/us-central1/functions/api] Retrying task index 0
[debug] [2021-05-25T22:36:42.940Z] >>> [apiv2][query] GET https://cloudfunctions.googleapis.com/v1/operations/cmh5bm9jYXJlLXRlc3QvdXMtY2VudHJhbDEvYXBpL0o5dTNaTUYzOUsw [none]
[debug] [2021-05-25T22:36:43.113Z] <<< [apiv2][status] GET https://cloudfunctions.googleapis.com/v1/operations/cmh5bm9jYXJlLXRlc3QvdXMtY2VudHJhbDEvYXBpL0o5dTNaTUYzOUsw 200
[debug] [2021-05-25T22:36:43.114Z] <<< [apiv2][body] GET https://cloudfunctions.googleapis.com/v1/operations/cmh5bm9jYXJlLXRlc3QvdXMtY2VudHJhbDEvYXBpL0o5dTNaTUYzOUsw {"name":"operations/cmh5bm9jYXJlLXRlc3QvdXMtY2VudHJhbDEvYXBpL0o5dTNaTUYzOUsw","metadata":{"@type":"type.googleapis.com/google.cloud.functions.v1.OperationMetadataV1","target":"projects/rhynocare-test/locations/us-central1/functions/api","type":"UPDATE_FUNCTION","request":{"@type":"type.googleapis.com/google.cloud.functions.v1.CloudFunction","name":"projects/rhynocare-test/locations/us-central1/functions/api","httpsTrigger":{},"status":"OFFLINE","entryPoint":"api","timeout":"60s","availableMemoryMb":256,"serviceAccountEmail":"rhynocare-test@appspot.gserviceaccount.com","updateTime":"2021-05-25T22:27:42.482Z","versionId":"3","labels":{"deployment-tool":"cli-firebase"},"sourceUploadUrl":"https://storage.googleapis.com/gcf-upload-us-central1-24612c4e-895b-43e4-976b-d44a46bc53f7/520d8b4a-facc-43c9-a930-4869e7db0347.zip?GoogleAccessId=service-709946744730@gcf-admin-robot.iam.gserviceaccount.com&Expires=1621983986&Signature=wi845Lm%2Bih3dM2G9s3%2FXkgLdCTZk2RJtUzFAWVFDO7NZ8aHSBFLhSU59%2FC25e%2FR9cBcKNLcjI4QHS3ZUYERSaG4ANQH%2BQgOszw74Zvf1pPwC7kZIopemRP6Xe86nQc48p6X4r5CQ9gBwOpQGjkKn1HpAXDYWfjJcC68IIRKllgtL5bje%2BsU8Ru%2B8CEVYAxs40fzF%2FWOjaH40p32oi1HH6WS3u%2Fon7BOXUkzqdM05Dq7%2FNOH%2FjG2AKRz%2FpWob0h3ImtWE40zmA38iIqyAUHm1fKuUi3Hsol%2Fe3kE4y9l2A7fDuxltrk%2FqwP6cKbZoaRa%2F2vaZ8Yk3oYz5BzXZb9HL2g%3D%3D","environmentVariables":{"FIREBASE_CONFIG":"{\"projectId\":\"rhynocare-test\",\"storageBucket\":\"rhynocare-test.appspot.com\"}"},"runtime":"nodejs12","ingressSettings":"ALLOW_ALL","buildId":"b73d4847-4640-4c3c-95d1-06d370fec946"},"versionId":"4","updateTime":"2021-05-25T22:36:27Z","buildId":"90724770-f0c7-444e-9809-42bf77b4edbd","buildName":"projects/709946744730/locations/us-central1/builds/90724770-f0c7-444e-9809-42bf77b4edbd"}}
[debug] [2021-05-25T22:36:59.129Z] [update-projects/rhynocare-test/locations/us-central1/functions/api] Retrying task index 0
[debug] [2021-05-25T22:36:59.130Z] >>> [apiv2][query] GET https://cloudfunctions.googleapis.com/v1/operations/cmh5bm9jYXJlLXRlc3QvdXMtY2VudHJhbDEvYXBpL0o5dTNaTUYzOUsw [none]
[debug] [2021-05-25T22:36:59.304Z] <<< [apiv2][status] GET https://cloudfunctions.googleapis.com/v1/operations/cmh5bm9jYXJlLXRlc3QvdXMtY2VudHJhbDEvYXBpL0o5dTNaTUYzOUsw 200
[debug] [2021-05-25T22:36:59.304Z] <<< [apiv2][body] GET https://cloudfunctions.googleapis.com/v1/operations/cmh5bm9jYXJlLXRlc3QvdXMtY2VudHJhbDEvYXBpL0o5dTNaTUYzOUsw {"name":"operations/cmh5bm9jYXJlLXRlc3QvdXMtY2VudHJhbDEvYXBpL0o5dTNaTUYzOUsw","metadata":{"@type":"type.googleapis.com/google.cloud.functions.v1.OperationMetadataV1","target":"projects/rhynocare-test/locations/us-central1/functions/api","type":"UPDATE_FUNCTION","request":{"@type":"type.googleapis.com/google.cloud.functions.v1.CloudFunction","name":"projects/rhynocare-test/locations/us-central1/functions/api","httpsTrigger":{},"status":"OFFLINE","entryPoint":"api","timeout":"60s","availableMemoryMb":256,"serviceAccountEmail":"rhynocare-test@appspot.gserviceaccount.com","updateTime":"2021-05-25T22:27:42.482Z","versionId":"3","labels":{"deployment-tool":"cli-firebase"},"sourceUploadUrl":"https://storage.googleapis.com/gcf-upload-us-central1-24612c4e-895b-43e4-976b-d44a46bc53f7/520d8b4a-facc-43c9-a930-4869e7db0347.zip?GoogleAccessId=service-709946744730@gcf-admin-robot.iam.gserviceaccount.com&Expires=1621983986&Signature=wi845Lm%2Bih3dM2G9s3%2FXkgLdCTZk2RJtUzFAWVFDO7NZ8aHSBFLhSU59%2FC25e%2FR9cBcKNLcjI4QHS3ZUYERSaG4ANQH%2BQgOszw74Zvf1pPwC7kZIopemRP6Xe86nQc48p6X4r5CQ9gBwOpQGjkKn1HpAXDYWfjJcC68IIRKllgtL5bje%2BsU8Ru%2B8CEVYAxs40fzF%2FWOjaH40p32oi1HH6WS3u%2Fon7BOXUkzqdM05Dq7%2FNOH%2FjG2AKRz%2FpWob0h3ImtWE40zmA38iIqyAUHm1fKuUi3Hsol%2Fe3kE4y9l2A7fDuxltrk%2FqwP6cKbZoaRa%2F2vaZ8Yk3oYz5BzXZb9HL2g%3D%3D","environmentVariables":{"FIREBASE_CONFIG":"{\"projectId\":\"rhynocare-test\",\"storageBucket\":\"rhynocare-test.appspot.com\"}"},"runtime":"nodejs12","ingressSettings":"ALLOW_ALL","buildId":"b73d4847-4640-4c3c-95d1-06d370fec946"},"versionId":"4","updateTime":"2021-05-25T22:36:27Z","buildId":"90724770-f0c7-444e-9809-42bf77b4edbd","buildName":"projects/709946744730/locations/us-central1/builds/90724770-f0c7-444e-9809-42bf77b4edbd"}}
[debug] [2021-05-25T22:37:31.320Z] [update-projects/rhynocare-test/locations/us-central1/functions/api] Retrying task index 0
[debug] [2021-05-25T22:37:31.321Z] >>> [apiv2][query] GET https://cloudfunctions.googleapis.com/v1/operations/cmh5bm9jYXJlLXRlc3QvdXMtY2VudHJhbDEvYXBpL0o5dTNaTUYzOUsw [none]
[debug] [2021-05-25T22:37:31.508Z] <<< [apiv2][status] GET https://cloudfunctions.googleapis.com/v1/operations/cmh5bm9jYXJlLXRlc3QvdXMtY2VudHJhbDEvYXBpL0o5dTNaTUYzOUsw 200
[debug] [2021-05-25T22:37:31.509Z] <<< [apiv2][body] GET https://cloudfunctions.googleapis.com/v1/operations/cmh5bm9jYXJlLXRlc3QvdXMtY2VudHJhbDEvYXBpL0o5dTNaTUYzOUsw {"name":"operations/cmh5bm9jYXJlLXRlc3QvdXMtY2VudHJhbDEvYXBpL0o5dTNaTUYzOUsw","metadata":{"@type":"type.googleapis.com/google.cloud.functions.v1.OperationMetadataV1","target":"projects/rhynocare-test/locations/us-central1/functions/api","type":"UPDATE_FUNCTION","request":{"@type":"type.googleapis.com/google.cloud.functions.v1.CloudFunction","name":"projects/rhynocare-test/locations/us-central1/functions/api","httpsTrigger":{},"status":"OFFLINE","entryPoint":"api","timeout":"60s","availableMemoryMb":256,"serviceAccountEmail":"rhynocare-test@appspot.gserviceaccount.com","updateTime":"2021-05-25T22:27:42.482Z","versionId":"3","labels":{"deployment-tool":"cli-firebase"},"sourceUploadUrl":"https://storage.googleapis.com/gcf-upload-us-central1-24612c4e-895b-43e4-976b-d44a46bc53f7/520d8b4a-facc-43c9-a930-4869e7db0347.zip?GoogleAccessId=service-709946744730@gcf-admin-robot.iam.gserviceaccount.com&Expires=1621983986&Signature=wi845Lm%2Bih3dM2G9s3%2FXkgLdCTZk2RJtUzFAWVFDO7NZ8aHSBFLhSU59%2FC25e%2FR9cBcKNLcjI4QHS3ZUYERSaG4ANQH%2BQgOszw74Zvf1pPwC7kZIopemRP6Xe86nQc48p6X4r5CQ9gBwOpQGjkKn1HpAXDYWfjJcC68IIRKllgtL5bje%2BsU8Ru%2B8CEVYAxs40fzF%2FWOjaH40p32oi1HH6WS3u%2Fon7BOXUkzqdM05Dq7%2FNOH%2FjG2AKRz%2FpWob0h3ImtWE40zmA38iIqyAUHm1fKuUi3Hsol%2Fe3kE4y9l2A7fDuxltrk%2FqwP6cKbZoaRa%2F2vaZ8Yk3oYz5BzXZb9HL2g%3D%3D","environmentVariables":{"FIREBASE_CONFIG":"{\"projectId\":\"rhynocare-test\",\"storageBucket\":\"rhynocare-test.appspot.com\"}"},"runtime":"nodejs12","ingressSettings":"ALLOW_ALL","buildId":"b73d4847-4640-4c3c-95d1-06d370fec946"},"versionId":"4","updateTime":"2021-05-25T22:37:28Z","buildId":"90724770-f0c7-444e-9809-42bf77b4edbd","sourceToken":"825844de-958d-4321-ba50-8261aae0fbc4","buildName":"projects/709946744730/locations/us-central1/builds/90724770-f0c7-444e-9809-42bf77b4edbd"},"done":true,"error":{"code":3,"message":"Function failed on loading user code. This is likely due to a bug in the user code. Error message: Error: please examine your function logs to see the error cause: https://cloud.google.com/functions/docs/monitoring/logging#viewing_logs. Additional troubleshooting documentation can be found at https://cloud.google.com/functions/docs/troubleshooting#logging. Please visit https://cloud.google.com/functions/docs/troubleshooting for in-depth troubleshooting documentation."}}
[debug] [2021-05-25T22:37:31.512Z] Got sourceToken 825844de-958d-4321-ba50-8261aae0fbc4 for region us-central1
[debug] [2021-05-25T22:37:31.520Z] Total Function Deployment time: 65579
[debug] [2021-05-25T22:37:31.521Z] 1 Functions Deployed
[debug] [2021-05-25T22:37:31.521Z] 1 Functions Errored
[debug] [2021-05-25T22:37:31.522Z] Average Function Deployment time: 65578
[debug] [2021-05-25T22:37:31.525Z] > refreshing access token with scopes: ["email","https://www.googleapis.com/auth/cloud-platform","https://www.googleapis.com/auth/cloudplatformprojects.readonly","https://www.googleapis.com/auth/firebase","openid"]
[debug] [2021-05-25T22:37:31.526Z] >>> HTTP REQUEST POST https://www.googleapis.com/oauth2/v3/token  
 <request body omitted>
[info] 
Functions deploy had errors with the following functions:
[info] 	api(us-central1)
[info] 
To try redeploying those functions, run:
[info]     firebase deploy --only "functions:api"
[info] 
To continue deploying other features (such as database), run:
[info]     firebase deploy --except functions
[debug] [2021-05-25T22:37:31.534Z] 	Error during update for projects/rhynocare-test/locations/us-central1/functions/api: 
[error] 
[error] Error: Functions did not deploy properly.
[debug] [2021-05-25T22:37:31.723Z] <<< HTTP RESPONSE 200 {"expires":"Mon, 01 Jan 1990 00:00:00 GMT","cache-control":"no-cache, no-store, max-age=0, must-revalidate","date":"Tue, 25 May 2021 22:37:32 GMT","pragma":"no-cache","content-type":"application/json; charset=utf-8","vary":"X-Origin, Referer, Origin,Accept-Encoding","server":"scaffolding on HTTPServer2","x-xss-protection":"0","x-frame-options":"SAMEORIGIN","x-content-type-options":"nosniff","alt-svc":"h3-29=\":443\"; ma=2592000,h3-T051=\":443\"; ma=2592000,h3-Q050=\":443\"; ma=2592000,h3-Q046=\":443\"; ma=2592000,h3-Q043=\":443\"; ma=2592000,quic=\":443\"; ma=2592000; v=\"46,43\"","accept-ranges":"none","transfer-encoding":"chunked"}
[debug] [2021-05-25T22:37:31.758Z] >>> HTTP REQUEST GET https://cloudfunctions.googleapis.com/v1/projects/rhynocare-test/locations/-/functions  
 
[debug] [2021-05-25T22:39:29.768Z] ----------------------------------------------------------------------
[debug] [2021-05-25T22:39:29.770Z] Command:       C:\Program Files\nodejs\node.exe C:\Users\shiva\AppData\Roaming\npm\node_modules\firebase-tools\lib\bin\firebase.js --debug deploy
[debug] [2021-05-25T22:39:29.770Z] CLI Version:   9.11.0
[debug] [2021-05-25T22:39:29.770Z] Platform:      win32
[debug] [2021-05-25T22:39:29.771Z] Node Version:  v15.14.0
[debug] [2021-05-25T22:39:29.771Z] Time:          Tue May 25 2021 18:39:29 GMT-0400 (Eastern Daylight Time)
[debug] [2021-05-25T22:39:29.772Z] ----------------------------------------------------------------------
[debug] 
[debug] [2021-05-25T22:39:29.779Z] > command requires scopes: ["email","openid","https://www.googleapis.com/auth/cloudplatformprojects.readonly","https://www.googleapis.com/auth/firebase","https://www.googleapis.com/auth/cloud-platform"]
[debug] [2021-05-25T22:39:29.781Z] > authorizing via signed-in user (sramsamooj92@gmail.com)
[debug] [2021-05-25T22:39:29.781Z] [iam] checking project rhynocare-test for permissions ["cloudfunctions.functions.create","cloudfunctions.functions.delete","cloudfunctions.functions.get","cloudfunctions.functions.list","cloudfunctions.functions.update","cloudfunctions.operations.get","firebase.projects.get"]
[debug] [2021-05-25T22:39:29.784Z] >>> HTTP REQUEST POST https://cloudresourcemanager.googleapis.com/v1/projects/rhynocare-test:testIamPermissions  
 {"permissions":["cloudfunctions.functions.create","cloudfunctions.functions.delete","cloudfunctions.functions.get","cloudfunctions.functions.list","cloudfunctions.functions.update","cloudfunctions.operations.get","firebase.projects.get"]}
[debug] [2021-05-25T22:39:30.105Z] <<< HTTP RESPONSE 200 {"content-type":"application/json; charset=UTF-8","vary":"X-Origin, Referer, Origin,Accept-Encoding","date":"Tue, 25 May 2021 22:39:31 GMT","server":"ESF","cache-control":"private","x-xss-protection":"0","x-frame-options":"SAMEORIGIN","x-content-type-options":"nosniff","server-timing":"gfet4t7; dur=158","alt-svc":"h3-29=\":443\"; ma=2592000,h3-T051=\":443\"; ma=2592000,h3-Q050=\":443\"; ma=2592000,h3-Q046=\":443\"; ma=2592000,h3-Q043=\":443\"; ma=2592000,quic=\":443\"; ma=2592000; v=\"46,43\"","accept-ranges":"none","transfer-encoding":"chunked"}
[debug] [2021-05-25T22:39:30.110Z] >>> HTTP REQUEST POST https://iam.googleapis.com/v1/projects/rhynocare-test/serviceAccounts/rhynocare-test@appspot.gserviceaccount.com:testIamPermissions  
 {"permissions":["iam.serviceAccounts.actAs"]}
[debug] [2021-05-25T22:39:30.423Z] <<< HTTP RESPONSE 200 {"content-type":"application/json; charset=UTF-8","vary":"X-Origin, Referer, Origin,Accept-Encoding","date":"Tue, 25 May 2021 22:39:31 GMT","server":"ESF","cache-control":"private","x-xss-protection":"0","x-frame-options":"SAMEORIGIN","x-content-type-options":"nosniff","alt-svc":"h3-29=\":443\"; ma=2592000,h3-T051=\":443\"; ma=2592000,h3-Q050=\":443\"; ma=2592000,h3-Q046=\":443\"; ma=2592000,h3-Q043=\":443\"; ma=2592000,quic=\":443\"; ma=2592000; v=\"46,43\"","accept-ranges":"none","transfer-encoding":"chunked"}
[info] 
[info] === Deploying to 'rhynocare-test'...
[info] 
[info] i  deploying functions 
[info] i  functions: ensuring required API cloudfunctions.googleapis.com is enabled... 
[info] i  functions: ensuring required API cloudbuild.googleapis.com is enabled... 
[debug] [2021-05-25T22:39:33.883Z] >>> HTTP REQUEST GET https://serviceusage.googleapis.com/v1/projects/rhynocare-test/services/cloudfunctions.googleapis.com  
 
[debug] [2021-05-25T22:39:33.884Z] >>> HTTP REQUEST GET https://serviceusage.googleapis.com/v1/projects/rhynocare-test/services/runtimeconfig.googleapis.com  
 
[debug] [2021-05-25T22:39:33.885Z] >>> HTTP REQUEST GET https://serviceusage.googleapis.com/v1/projects/rhynocare-test/services/cloudbuild.googleapis.com  
 
[debug] [2021-05-25T22:39:34.294Z] <<< HTTP RESPONSE 200 {"content-type":"application/json; charset=UTF-8","vary":"X-Origin, Referer, Origin,Accept-Encoding","date":"Tue, 25 May 2021 22:39:35 GMT","server":"ESF","cache-control":"private","x-xss-protection":"0","x-frame-options":"SAMEORIGIN","x-content-type-options":"nosniff","alt-svc":"h3-29=\":443\"; ma=2592000,h3-T051=\":443\"; ma=2592000,h3-Q050=\":443\"; ma=2592000,h3-Q046=\":443\"; ma=2592000,h3-Q043=\":443\"; ma=2592000,quic=\":443\"; ma=2592000; v=\"46,43\"","accept-ranges":"none","transfer-encoding":"chunked"}
[debug] [2021-05-25T22:39:34.300Z] <<< HTTP RESPONSE 200 {"content-type":"application/json; charset=UTF-8","vary":"X-Origin, Referer, Origin,Accept-Encoding","date":"Tue, 25 May 2021 22:39:35 GMT","server":"ESF","cache-control":"private","x-xss-protection":"0","x-frame-options":"SAMEORIGIN","x-content-type-options":"nosniff","alt-svc":"h3-29=\":443\"; ma=2592000,h3-T051=\":443\"; ma=2592000,h3-Q050=\":443\"; ma=2592000,h3-Q046=\":443\"; ma=2592000,h3-Q043=\":443\"; ma=2592000,quic=\":443\"; ma=2592000; v=\"46,43\"","accept-ranges":"none","transfer-encoding":"chunked"}
[info] +  functions: required API cloudbuild.googleapis.com is enabled 
[debug] [2021-05-25T22:39:34.306Z] <<< HTTP RESPONSE 200 {"content-type":"application/json; charset=UTF-8","vary":"X-Origin, Referer, Origin,Accept-Encoding","date":"Tue, 25 May 2021 22:39:35 GMT","server":"ESF","cache-control":"private","x-xss-protection":"0","x-frame-options":"SAMEORIGIN","x-content-type-options":"nosniff","alt-svc":"h3-29=\":443\"; ma=2592000,h3-T051=\":443\"; ma=2592000,h3-Q050=\":443\"; ma=2592000,h3-Q046=\":443\"; ma=2592000,h3-Q043=\":443\"; ma=2592000,quic=\":443\"; ma=2592000; v=\"46,43\"","accept-ranges":"none","transfer-encoding":"chunked"}
[info] +  functions: required API cloudfunctions.googleapis.com is enabled 
[debug] [2021-05-25T22:39:34.310Z] >>> HTTP REQUEST GET https://firebase.googleapis.com/v1beta1/projects/rhynocare-test/adminSdkConfig  
 
[debug] [2021-05-25T22:39:35.018Z] <<< HTTP RESPONSE 200 {"content-type":"application/json; charset=UTF-8","vary":"X-Origin, Referer, Origin,Accept-Encoding","date":"Tue, 25 May 2021 22:39:35 GMT","server":"ESF","cache-control":"private","x-xss-protection":"0","x-frame-options":"SAMEORIGIN","x-content-type-options":"nosniff","alt-svc":"h3-29=\":443\"; ma=2592000,h3-T051=\":443\"; ma=2592000,h3-Q050=\":443\"; ma=2592000,h3-Q046=\":443\"; ma=2592000,h3-Q043=\":443\"; ma=2592000,quic=\":443\"; ma=2592000; v=\"46,43\"","accept-ranges":"none","transfer-encoding":"chunked"}
[info] i  functions: preparing functions directory for uploading... 
[debug] [2021-05-25T22:39:35.023Z] >>> HTTP REQUEST GET https://runtimeconfig.googleapis.com/v1beta1/projects/rhynocare-test/configs  
 
[debug] [2021-05-25T22:39:35.248Z] <<< HTTP RESPONSE 200 {"content-type":"application/json; charset=UTF-8","vary":"X-Origin, Referer, Origin,Accept-Encoding","date":"Tue, 25 May 2021 22:39:36 GMT","server":"ESF","cache-control":"private","x-xss-protection":"0","x-frame-options":"SAMEORIGIN","x-content-type-options":"nosniff","alt-svc":"h3-29=\":443\"; ma=2592000,h3-T051=\":443\"; ma=2592000,h3-Q050=\":443\"; ma=2592000,h3-Q046=\":443\"; ma=2592000,h3-Q043=\":443\"; ma=2592000,quic=\":443\"; ma=2592000; v=\"46,43\"","accept-ranges":"none","transfer-encoding":"chunked"}
[info] i  functions: packaged functions (48.03 KB) for uploading 
[debug] [2021-05-25T22:39:35.938Z] > [functions] package.json contents: {
  "name": "functions",
  "description": "Cloud Functions for Firebase",
  "scripts": {
    "serve": "firebase emulators:start --only functions",
    "shell": "firebase functions:shell",
    "start": "npm run shell",
    "deploy": "firebase deploy --only functions",
    "logs": "firebase functions:log"
  },
  "engines": {
    "node": "12"
  },
  "main": "index.js",
  "dependencies": {
    "express": "^4.17.1",
    "firebase-admin": "^9.2.0",
    "firebase-functions": "^3.11.0"
  },
  "devDependencies": {
    "firebase-functions-test": "^0.2.0"
  },
  "private": true
}
[debug] [2021-05-25T22:39:35.942Z] >>> HTTP REQUEST GET https://cloudfunctions.googleapis.com/v1/projects/rhynocare-test/locations/-/functions  
 
[debug] [2021-05-25T22:39:40.284Z] <<< HTTP RESPONSE 200 {"content-type":"application/json; charset=UTF-8","vary":"X-Origin, Referer, Origin,Accept-Encoding","date":"Tue, 25 May 2021 22:39:41 GMT","server":"ESF","cache-control":"private","x-xss-protection":"0","x-frame-options":"SAMEORIGIN","x-content-type-options":"nosniff","alt-svc":"h3-29=\":443\"; ma=2592000,h3-T051=\":443\"; ma=2592000,h3-Q050=\":443\"; ma=2592000,h3-Q046=\":443\"; ma=2592000,h3-Q043=\":443\"; ma=2592000,quic=\":443\"; ma=2592000; v=\"46,43\"","accept-ranges":"none","transfer-encoding":"chunked"}
[debug] [2021-05-25T22:39:40.288Z] >>> HTTP REQUEST POST https://cloudfunctions.googleapis.com/v1/projects/rhynocare-test/locations/us-central1/functions:generateUploadUrl  
 
[debug] [2021-05-25T22:39:40.730Z] <<< HTTP RESPONSE 200 {"content-type":"application/json; charset=UTF-8","vary":"X-Origin, Referer, Origin,Accept-Encoding","date":"Tue, 25 May 2021 22:39:41 GMT","server":"ESF","cache-control":"private","x-xss-protection":"0","x-frame-options":"SAMEORIGIN","x-content-type-options":"nosniff","alt-svc":"h3-29=\":443\"; ma=2592000,h3-T051=\":443\"; ma=2592000,h3-Q050=\":443\"; ma=2592000,h3-Q046=\":443\"; ma=2592000,h3-Q043=\":443\"; ma=2592000,quic=\":443\"; ma=2592000; v=\"46,43\"","accept-ranges":"none","transfer-encoding":"chunked"}
[debug] [2021-05-25T22:39:40.732Z] >>> HTTP REQUEST PUT https://storage.googleapis.com/gcf-upload-us-central1-24612c4e-895b-43e4-976b-d44a46bc53f7/7325c5e8-d802-438c-bfac-552e4720fd85.zip?GoogleAccessId=service-709946744730@gcf-admin-robot.iam.gserviceaccount.com&Expires=1621984181&Signature=iZ%2FrRh2Es%2Bl0WGN%2BsbtcHvbZ522PhFxSx2Kw5URoZ8O59okgnEr6JLHyS%2Bc%2FU5%2BGnonXYZ%2BiHkzWKw8YJBI27mozaZbJ%2F4RP76zbLj44ctTSe3HLyqL3xyTT2mnuH2dSW3QndfM0PeBV97Ypu8q9BVNSQdFgp6QoIHvfg7C2T0NYLEr9xTojmtToEwY5qvtjluZ23l1vL6P2ku2TccNZbW523IMMVOl3tODgfwzcQRC5uNA6chuPacKKWQKztDAgoV2HJpBw9dvpITK%2F%2BZJeHnC9FiCOAD8JPD%2F1jymljbF0RB%2BGjqS%2B4q%2FvU0dhXg7aMpRGW4Tjc2Rh5fmcLtXGgA%3D%3D  
 <request body omitted>
[debug] [2021-05-25T22:39:40.964Z] <<< HTTP RESPONSE 200 {"x-guploader-uploadid":"ABg5-Uy1bC0qoC9fvYqqNwnXQEjj1qK_AIZ4pbj54GpnMEfFTFbb_fhPj5i0Vl4rzoxR7eI0PqnNXo1Lwr-MQwJMl88rLcbnMA","etag":"\"8603664af33acf59d13d76cff2b19d28\"","x-goog-generation":"1621982381911836","x-goog-metageneration":"1","x-goog-hash":"crc32c=JRqGkQ==, md5=hgNmSvM6z1nRPXbP8rGdKA==","x-goog-stored-content-length":"49182","x-goog-stored-content-encoding":"identity","vary":"Origin","content-length":"0","date":"Tue, 25 May 2021 22:39:41 GMT","server":"UploadServer","content-type":"text/html; charset=UTF-8","alt-svc":"h3-29=\":443\"; ma=2592000,h3-T051=\":443\"; ma=2592000,h3-Q050=\":443\"; ma=2592000,h3-Q046=\":443\"; ma=2592000,h3-Q043=\":443\"; ma=2592000,quic=\":443\"; ma=2592000; v=\"46,43\""}
[info] +  functions: functions folder uploaded successfully 
[info] i  functions: updating Node.js 12 function api(us-central1)... 
[debug] [2021-05-25T22:39:40.970Z] >>> HTTP REQUEST PATCH https://cloudfunctions.googleapis.com/v1/projects/rhynocare-test/locations/us-central1/functions/api {"updateMask":"sourceUploadUrl,name,labels,runtime,environmentVariables,httpsTrigger"} 
 {"sourceUploadUrl":"https://storage.googleapis.com/gcf-upload-us-central1-24612c4e-895b-43e4-976b-d44a46bc53f7/7325c5e8-d802-438c-bfac-552e4720fd85.zip?GoogleAccessId=service-709946744730@gcf-admin-robot.iam.gserviceaccount.com&Expires=1621984181&Signature=iZ%2FrRh2Es%2Bl0WGN%2BsbtcHvbZ522PhFxSx2Kw5URoZ8O59okgnEr6JLHyS%2Bc%2FU5%2BGnonXYZ%2BiHkzWKw8YJBI27mozaZbJ%2F4RP76zbLj44ctTSe3HLyqL3xyTT2mnuH2dSW3QndfM0PeBV97Ypu8q9BVNSQdFgp6QoIHvfg7C2T0NYLEr9xTojmtToEwY5qvtjluZ23l1vL6P2ku2TccNZbW523IMMVOl3tODgfwzcQRC5uNA6chuPacKKWQKztDAgoV2HJpBw9dvpITK%2F%2BZJeHnC9FiCOAD8JPD%2F1jymljbF0RB%2BGjqS%2B4q%2FvU0dhXg7aMpRGW4Tjc2Rh5fmcLtXGgA%3D%3D","name":"projects/rhynocare-test/locations/us-central1/functions/api","labels":{"deployment-tool":"cli-firebase"},"httpsTrigger":{},"runtime":"nodejs12","environmentVariables":{"FIREBASE_CONFIG":"{\"projectId\":\"rhynocare-test\",\"storageBucket\":\"rhynocare-test.appspot.com\"}"}}
[debug] [2021-05-25T22:39:41.394Z] <<< HTTP RESPONSE 200 {"content-type":"application/json; charset=UTF-8","vary":"X-Origin, Referer, Origin,Accept-Encoding","date":"Tue, 25 May 2021 22:39:42 GMT","server":"ESF","cache-control":"private","x-xss-protection":"0","x-frame-options":"SAMEORIGIN","x-content-type-options":"nosniff","alt-svc":"h3-29=\":443\"; ma=2592000,h3-T051=\":443\"; ma=2592000,h3-Q050=\":443\"; ma=2592000,h3-Q046=\":443\"; ma=2592000,h3-Q043=\":443\"; ma=2592000,quic=\":443\"; ma=2592000; v=\"46,43\"","accept-ranges":"none","transfer-encoding":"chunked"}
[debug] [2021-05-25T22:39:41.399Z] > refreshing access token with scopes: []
[debug] [2021-05-25T22:39:41.400Z] >>> HTTP REQUEST POST https://www.googleapis.com/oauth2/v3/token  
 <request body omitted>
[debug] [2021-05-25T22:39:41.565Z] <<< HTTP RESPONSE 200 {"date":"Tue, 25 May 2021 22:39:42 GMT","cache-control":"no-cache, no-store, max-age=0, must-revalidate","pragma":"no-cache","expires":"Mon, 01 Jan 1990 00:00:00 GMT","content-type":"application/json; charset=utf-8","vary":"X-Origin, Referer, Origin,Accept-Encoding","server":"scaffolding on HTTPServer2","x-xss-protection":"0","x-frame-options":"SAMEORIGIN","x-content-type-options":"nosniff","alt-svc":"h3-29=\":443\"; ma=2592000,h3-T051=\":443\"; ma=2592000,h3-Q050=\":443\"; ma=2592000,h3-Q046=\":443\"; ma=2592000,h3-Q043=\":443\"; ma=2592000,quic=\":443\"; ma=2592000; v=\"46,43\"","accept-ranges":"none","transfer-encoding":"chunked"}
[debug] [2021-05-25T22:39:41.594Z] >>> [apiv2][query] GET https://cloudfunctions.googleapis.com/v1/operations/cmh5bm9jYXJlLXRlc3QvdXMtY2VudHJhbDEvYXBpL0tOc3VmZk9DdjQw [none]
[debug] [2021-05-25T22:39:41.771Z] <<< [apiv2][status] GET https://cloudfunctions.googleapis.com/v1/operations/cmh5bm9jYXJlLXRlc3QvdXMtY2VudHJhbDEvYXBpL0tOc3VmZk9DdjQw 200
[debug] [2021-05-25T22:39:41.773Z] <<< [apiv2][body] GET https://cloudfunctions.googleapis.com/v1/operations/cmh5bm9jYXJlLXRlc3QvdXMtY2VudHJhbDEvYXBpL0tOc3VmZk9DdjQw {"name":"operations/cmh5bm9jYXJlLXRlc3QvdXMtY2VudHJhbDEvYXBpL0tOc3VmZk9DdjQw","metadata":{"@type":"type.googleapis.com/google.cloud.functions.v1.OperationMetadataV1","target":"projects/rhynocare-test/locations/us-central1/functions/api","type":"UPDATE_FUNCTION","request":{"@type":"type.googleapis.com/google.cloud.functions.v1.CloudFunction","name":"projects/rhynocare-test/locations/us-central1/functions/api","httpsTrigger":{},"status":"OFFLINE","entryPoint":"api","timeout":"60s","availableMemoryMb":256,"serviceAccountEmail":"rhynocare-test@appspot.gserviceaccount.com","updateTime":"2021-05-25T22:27:42.482Z","versionId":"4","labels":{"deployment-tool":"cli-firebase"},"sourceUploadUrl":"https://storage.googleapis.com/gcf-upload-us-central1-24612c4e-895b-43e4-976b-d44a46bc53f7/7325c5e8-d802-438c-bfac-552e4720fd85.zip?GoogleAccessId=service-709946744730@gcf-admin-robot.iam.gserviceaccount.com&Expires=1621984181&Signature=iZ%2FrRh2Es%2Bl0WGN%2BsbtcHvbZ522PhFxSx2Kw5URoZ8O59okgnEr6JLHyS%2Bc%2FU5%2BGnonXYZ%2BiHkzWKw8YJBI27mozaZbJ%2F4RP76zbLj44ctTSe3HLyqL3xyTT2mnuH2dSW3QndfM0PeBV97Ypu8q9BVNSQdFgp6QoIHvfg7C2T0NYLEr9xTojmtToEwY5qvtjluZ23l1vL6P2ku2TccNZbW523IMMVOl3tODgfwzcQRC5uNA6chuPacKKWQKztDAgoV2HJpBw9dvpITK%2F%2BZJeHnC9FiCOAD8JPD%2F1jymljbF0RB%2BGjqS%2B4q%2FvU0dhXg7aMpRGW4Tjc2Rh5fmcLtXGgA%3D%3D","environmentVariables":{"FIREBASE_CONFIG":"{\"projectId\":\"rhynocare-test\",\"storageBucket\":\"rhynocare-test.appspot.com\"}"},"runtime":"nodejs12","ingressSettings":"ALLOW_ALL","buildId":"90724770-f0c7-444e-9809-42bf77b4edbd"},"versionId":"5","updateTime":"2021-05-25T22:39:42Z","buildName":"projects/709946744730/locations/us-central1/builds/90724770-f0c7-444e-9809-42bf77b4edbd"}}
[debug] [2021-05-25T22:39:42.277Z] [update-projects/rhynocare-test/locations/us-central1/functions/api] Retrying task index 0
[debug] [2021-05-25T22:39:42.279Z] >>> [apiv2][query] GET https://cloudfunctions.googleapis.com/v1/operations/cmh5bm9jYXJlLXRlc3QvdXMtY2VudHJhbDEvYXBpL0tOc3VmZk9DdjQw [none]
[debug] [2021-05-25T22:39:42.469Z] <<< [apiv2][status] GET https://cloudfunctions.googleapis.com/v1/operations/cmh5bm9jYXJlLXRlc3QvdXMtY2VudHJhbDEvYXBpL0tOc3VmZk9DdjQw 200
[debug] [2021-05-25T22:39:42.469Z] <<< [apiv2][body] GET https://cloudfunctions.googleapis.com/v1/operations/cmh5bm9jYXJlLXRlc3QvdXMtY2VudHJhbDEvYXBpL0tOc3VmZk9DdjQw {"name":"operations/cmh5bm9jYXJlLXRlc3QvdXMtY2VudHJhbDEvYXBpL0tOc3VmZk9DdjQw","metadata":{"@type":"type.googleapis.com/google.cloud.functions.v1.OperationMetadataV1","target":"projects/rhynocare-test/locations/us-central1/functions/api","type":"UPDATE_FUNCTION","request":{"@type":"type.googleapis.com/google.cloud.functions.v1.CloudFunction","name":"projects/rhynocare-test/locations/us-central1/functions/api","httpsTrigger":{},"status":"OFFLINE","entryPoint":"api","timeout":"60s","availableMemoryMb":256,"serviceAccountEmail":"rhynocare-test@appspot.gserviceaccount.com","updateTime":"2021-05-25T22:27:42.482Z","versionId":"4","labels":{"deployment-tool":"cli-firebase"},"sourceUploadUrl":"https://storage.googleapis.com/gcf-upload-us-central1-24612c4e-895b-43e4-976b-d44a46bc53f7/7325c5e8-d802-438c-bfac-552e4720fd85.zip?GoogleAccessId=service-709946744730@gcf-admin-robot.iam.gserviceaccount.com&Expires=1621984181&Signature=iZ%2FrRh2Es%2Bl0WGN%2BsbtcHvbZ522PhFxSx2Kw5URoZ8O59okgnEr6JLHyS%2Bc%2FU5%2BGnonXYZ%2BiHkzWKw8YJBI27mozaZbJ%2F4RP76zbLj44ctTSe3HLyqL3xyTT2mnuH2dSW3QndfM0PeBV97Ypu8q9BVNSQdFgp6QoIHvfg7C2T0NYLEr9xTojmtToEwY5qvtjluZ23l1vL6P2ku2TccNZbW523IMMVOl3tODgfwzcQRC5uNA6chuPacKKWQKztDAgoV2HJpBw9dvpITK%2F%2BZJeHnC9FiCOAD8JPD%2F1jymljbF0RB%2BGjqS%2B4q%2FvU0dhXg7aMpRGW4Tjc2Rh5fmcLtXGgA%3D%3D","environmentVariables":{"FIREBASE_CONFIG":"{\"projectId\":\"rhynocare-test\",\"storageBucket\":\"rhynocare-test.appspot.com\"}"},"runtime":"nodejs12","ingressSettings":"ALLOW_ALL","buildId":"90724770-f0c7-444e-9809-42bf77b4edbd"},"versionId":"5","updateTime":"2021-05-25T22:39:42Z","buildId":"8891f2a8-072f-4567-9b56-cc8b2929b65f","buildName":"projects/709946744730/locations/us-central1/builds/8891f2a8-072f-4567-9b56-cc8b2929b65f"}}
[debug] [2021-05-25T22:39:43.486Z] [update-projects/rhynocare-test/locations/us-central1/functions/api] Retrying task index 0
[debug] [2021-05-25T22:39:43.487Z] >>> [apiv2][query] GET https://cloudfunctions.googleapis.com/v1/operations/cmh5bm9jYXJlLXRlc3QvdXMtY2VudHJhbDEvYXBpL0tOc3VmZk9DdjQw [none]
[debug] [2021-05-25T22:39:43.683Z] <<< [apiv2][status] GET https://cloudfunctions.googleapis.com/v1/operations/cmh5bm9jYXJlLXRlc3QvdXMtY2VudHJhbDEvYXBpL0tOc3VmZk9DdjQw 200
[debug] [2021-05-25T22:39:43.684Z] <<< [apiv2][body] GET https://cloudfunctions.googleapis.com/v1/operations/cmh5bm9jYXJlLXRlc3QvdXMtY2VudHJhbDEvYXBpL0tOc3VmZk9DdjQw {"name":"operations/cmh5bm9jYXJlLXRlc3QvdXMtY2VudHJhbDEvYXBpL0tOc3VmZk9DdjQw","metadata":{"@type":"type.googleapis.com/google.cloud.functions.v1.OperationMetadataV1","target":"projects/rhynocare-test/locations/us-central1/functions/api","type":"UPDATE_FUNCTION","request":{"@type":"type.googleapis.com/google.cloud.functions.v1.CloudFunction","name":"projects/rhynocare-test/locations/us-central1/functions/api","httpsTrigger":{},"status":"OFFLINE","entryPoint":"api","timeout":"60s","availableMemoryMb":256,"serviceAccountEmail":"rhynocare-test@appspot.gserviceaccount.com","updateTime":"2021-05-25T22:27:42.482Z","versionId":"4","labels":{"deployment-tool":"cli-firebase"},"sourceUploadUrl":"https://storage.googleapis.com/gcf-upload-us-central1-24612c4e-895b-43e4-976b-d44a46bc53f7/7325c5e8-d802-438c-bfac-552e4720fd85.zip?GoogleAccessId=service-709946744730@gcf-admin-robot.iam.gserviceaccount.com&Expires=1621984181&Signature=iZ%2FrRh2Es%2Bl0WGN%2BsbtcHvbZ522PhFxSx2Kw5URoZ8O59okgnEr6JLHyS%2Bc%2FU5%2BGnonXYZ%2BiHkzWKw8YJBI27mozaZbJ%2F4RP76zbLj44ctTSe3HLyqL3xyTT2mnuH2dSW3QndfM0PeBV97Ypu8q9BVNSQdFgp6QoIHvfg7C2T0NYLEr9xTojmtToEwY5qvtjluZ23l1vL6P2ku2TccNZbW523IMMVOl3tODgfwzcQRC5uNA6chuPacKKWQKztDAgoV2HJpBw9dvpITK%2F%2BZJeHnC9FiCOAD8JPD%2F1jymljbF0RB%2BGjqS%2B4q%2FvU0dhXg7aMpRGW4Tjc2Rh5fmcLtXGgA%3D%3D","environmentVariables":{"FIREBASE_CONFIG":"{\"projectId\":\"rhynocare-test\",\"storageBucket\":\"rhynocare-test.appspot.com\"}"},"runtime":"nodejs12","ingressSettings":"ALLOW_ALL","buildId":"90724770-f0c7-444e-9809-42bf77b4edbd"},"versionId":"5","updateTime":"2021-05-25T22:39:42Z","buildId":"8891f2a8-072f-4567-9b56-cc8b2929b65f","buildName":"projects/709946744730/locations/us-central1/builds/8891f2a8-072f-4567-9b56-cc8b2929b65f"}}
[debug] [2021-05-25T22:39:45.701Z] [update-projects/rhynocare-test/locations/us-central1/functions/api] Retrying task index 0
[debug] [2021-05-25T22:39:45.702Z] >>> [apiv2][query] GET https://cloudfunctions.googleapis.com/v1/operations/cmh5bm9jYXJlLXRlc3QvdXMtY2VudHJhbDEvYXBpL0tOc3VmZk9DdjQw [none]
[debug] [2021-05-25T22:39:45.855Z] <<< [apiv2][status] GET https://cloudfunctions.googleapis.com/v1/operations/cmh5bm9jYXJlLXRlc3QvdXMtY2VudHJhbDEvYXBpL0tOc3VmZk9DdjQw 200
[debug] [2021-05-25T22:39:45.855Z] <<< [apiv2][body] GET https://cloudfunctions.googleapis.com/v1/operations/cmh5bm9jYXJlLXRlc3QvdXMtY2VudHJhbDEvYXBpL0tOc3VmZk9DdjQw {"name":"operations/cmh5bm9jYXJlLXRlc3QvdXMtY2VudHJhbDEvYXBpL0tOc3VmZk9DdjQw","metadata":{"@type":"type.googleapis.com/google.cloud.functions.v1.OperationMetadataV1","target":"projects/rhynocare-test/locations/us-central1/functions/api","type":"UPDATE_FUNCTION","request":{"@type":"type.googleapis.com/google.cloud.functions.v1.CloudFunction","name":"projects/rhynocare-test/locations/us-central1/functions/api","httpsTrigger":{},"status":"OFFLINE","entryPoint":"api","timeout":"60s","availableMemoryMb":256,"serviceAccountEmail":"rhynocare-test@appspot.gserviceaccount.com","updateTime":"2021-05-25T22:27:42.482Z","versionId":"4","labels":{"deployment-tool":"cli-firebase"},"sourceUploadUrl":"https://storage.googleapis.com/gcf-upload-us-central1-24612c4e-895b-43e4-976b-d44a46bc53f7/7325c5e8-d802-438c-bfac-552e4720fd85.zip?GoogleAccessId=service-709946744730@gcf-admin-robot.iam.gserviceaccount.com&Expires=1621984181&Signature=iZ%2FrRh2Es%2Bl0WGN%2BsbtcHvbZ522PhFxSx2Kw5URoZ8O59okgnEr6JLHyS%2Bc%2FU5%2BGnonXYZ%2BiHkzWKw8YJBI27mozaZbJ%2F4RP76zbLj44ctTSe3HLyqL3xyTT2mnuH2dSW3QndfM0PeBV97Ypu8q9BVNSQdFgp6QoIHvfg7C2T0NYLEr9xTojmtToEwY5qvtjluZ23l1vL6P2ku2TccNZbW523IMMVOl3tODgfwzcQRC5uNA6chuPacKKWQKztDAgoV2HJpBw9dvpITK%2F%2BZJeHnC9FiCOAD8JPD%2F1jymljbF0RB%2BGjqS%2B4q%2FvU0dhXg7aMpRGW4Tjc2Rh5fmcLtXGgA%3D%3D","environmentVariables":{"FIREBASE_CONFIG":"{\"projectId\":\"rhynocare-test\",\"storageBucket\":\"rhynocare-test.appspot.com\"}"},"runtime":"nodejs12","ingressSettings":"ALLOW_ALL","buildId":"90724770-f0c7-444e-9809-42bf77b4edbd"},"versionId":"5","updateTime":"2021-05-25T22:39:42Z","buildId":"8891f2a8-072f-4567-9b56-cc8b2929b65f","buildName":"projects/709946744730/locations/us-central1/builds/8891f2a8-072f-4567-9b56-cc8b2929b65f"}}
[debug] [2021-05-25T22:39:49.867Z] [update-projects/rhynocare-test/locations/us-central1/functions/api] Retrying task index 0
[debug] [2021-05-25T22:39:49.869Z] >>> [apiv2][query] GET https://cloudfunctions.googleapis.com/v1/operations/cmh5bm9jYXJlLXRlc3QvdXMtY2VudHJhbDEvYXBpL0tOc3VmZk9DdjQw [none]
[debug] [2021-05-25T22:39:50.028Z] <<< [apiv2][status] GET https://cloudfunctions.googleapis.com/v1/operations/cmh5bm9jYXJlLXRlc3QvdXMtY2VudHJhbDEvYXBpL0tOc3VmZk9DdjQw 200
[debug] [2021-05-25T22:39:50.029Z] <<< [apiv2][body] GET https://cloudfunctions.googleapis.com/v1/operations/cmh5bm9jYXJlLXRlc3QvdXMtY2VudHJhbDEvYXBpL0tOc3VmZk9DdjQw {"name":"operations/cmh5bm9jYXJlLXRlc3QvdXMtY2VudHJhbDEvYXBpL0tOc3VmZk9DdjQw","metadata":{"@type":"type.googleapis.com/google.cloud.functions.v1.OperationMetadataV1","target":"projects/rhynocare-test/locations/us-central1/functions/api","type":"UPDATE_FUNCTION","request":{"@type":"type.googleapis.com/google.cloud.functions.v1.CloudFunction","name":"projects/rhynocare-test/locations/us-central1/functions/api","httpsTrigger":{},"status":"OFFLINE","entryPoint":"api","timeout":"60s","availableMemoryMb":256,"serviceAccountEmail":"rhynocare-test@appspot.gserviceaccount.com","updateTime":"2021-05-25T22:27:42.482Z","versionId":"4","labels":{"deployment-tool":"cli-firebase"},"sourceUploadUrl":"https://storage.googleapis.com/gcf-upload-us-central1-24612c4e-895b-43e4-976b-d44a46bc53f7/7325c5e8-d802-438c-bfac-552e4720fd85.zip?GoogleAccessId=service-709946744730@gcf-admin-robot.iam.gserviceaccount.com&Expires=1621984181&Signature=iZ%2FrRh2Es%2Bl0WGN%2BsbtcHvbZ522PhFxSx2Kw5URoZ8O59okgnEr6JLHyS%2Bc%2FU5%2BGnonXYZ%2BiHkzWKw8YJBI27mozaZbJ%2F4RP76zbLj44ctTSe3HLyqL3xyTT2mnuH2dSW3QndfM0PeBV97Ypu8q9BVNSQdFgp6QoIHvfg7C2T0NYLEr9xTojmtToEwY5qvtjluZ23l1vL6P2ku2TccNZbW523IMMVOl3tODgfwzcQRC5uNA6chuPacKKWQKztDAgoV2HJpBw9dvpITK%2F%2BZJeHnC9FiCOAD8JPD%2F1jymljbF0RB%2BGjqS%2B4q%2FvU0dhXg7aMpRGW4Tjc2Rh5fmcLtXGgA%3D%3D","environmentVariables":{"FIREBASE_CONFIG":"{\"projectId\":\"rhynocare-test\",\"storageBucket\":\"rhynocare-test.appspot.com\"}"},"runtime":"nodejs12","ingressSettings":"ALLOW_ALL","buildId":"90724770-f0c7-444e-9809-42bf77b4edbd"},"versionId":"5","updateTime":"2021-05-25T22:39:42Z","buildId":"8891f2a8-072f-4567-9b56-cc8b2929b65f","buildName":"projects/709946744730/locations/us-central1/builds/8891f2a8-072f-4567-9b56-cc8b2929b65f"}}
[debug] [2021-05-25T22:39:58.033Z] [update-projects/rhynocare-test/locations/us-central1/functions/api] Retrying task index 0
[debug] [2021-05-25T22:39:58.035Z] >>> [apiv2][query] GET https://cloudfunctions.googleapis.com/v1/operations/cmh5bm9jYXJlLXRlc3QvdXMtY2VudHJhbDEvYXBpL0tOc3VmZk9DdjQw [none]
[debug] [2021-05-25T22:39:58.202Z] <<< [apiv2][status] GET https://cloudfunctions.googleapis.com/v1/operations/cmh5bm9jYXJlLXRlc3QvdXMtY2VudHJhbDEvYXBpL0tOc3VmZk9DdjQw 200
[debug] [2021-05-25T22:39:58.203Z] <<< [apiv2][body] GET https://cloudfunctions.googleapis.com/v1/operations/cmh5bm9jYXJlLXRlc3QvdXMtY2VudHJhbDEvYXBpL0tOc3VmZk9DdjQw {"name":"operations/cmh5bm9jYXJlLXRlc3QvdXMtY2VudHJhbDEvYXBpL0tOc3VmZk9DdjQw","metadata":{"@type":"type.googleapis.com/google.cloud.functions.v1.OperationMetadataV1","target":"projects/rhynocare-test/locations/us-central1/functions/api","type":"UPDATE_FUNCTION","request":{"@type":"type.googleapis.com/google.cloud.functions.v1.CloudFunction","name":"projects/rhynocare-test/locations/us-central1/functions/api","httpsTrigger":{},"status":"OFFLINE","entryPoint":"api","timeout":"60s","availableMemoryMb":256,"serviceAccountEmail":"rhynocare-test@appspot.gserviceaccount.com","updateTime":"2021-05-25T22:27:42.482Z","versionId":"4","labels":{"deployment-tool":"cli-firebase"},"sourceUploadUrl":"https://storage.googleapis.com/gcf-upload-us-central1-24612c4e-895b-43e4-976b-d44a46bc53f7/7325c5e8-d802-438c-bfac-552e4720fd85.zip?GoogleAccessId=service-709946744730@gcf-admin-robot.iam.gserviceaccount.com&Expires=1621984181&Signature=iZ%2FrRh2Es%2Bl0WGN%2BsbtcHvbZ522PhFxSx2Kw5URoZ8O59okgnEr6JLHyS%2Bc%2FU5%2BGnonXYZ%2BiHkzWKw8YJBI27mozaZbJ%2F4RP76zbLj44ctTSe3HLyqL3xyTT2mnuH2dSW3QndfM0PeBV97Ypu8q9BVNSQdFgp6QoIHvfg7C2T0NYLEr9xTojmtToEwY5qvtjluZ23l1vL6P2ku2TccNZbW523IMMVOl3tODgfwzcQRC5uNA6chuPacKKWQKztDAgoV2HJpBw9dvpITK%2F%2BZJeHnC9FiCOAD8JPD%2F1jymljbF0RB%2BGjqS%2B4q%2FvU0dhXg7aMpRGW4Tjc2Rh5fmcLtXGgA%3D%3D","environmentVariables":{"FIREBASE_CONFIG":"{\"projectId\":\"rhynocare-test\",\"storageBucket\":\"rhynocare-test.appspot.com\"}"},"runtime":"nodejs12","ingressSettings":"ALLOW_ALL","buildId":"90724770-f0c7-444e-9809-42bf77b4edbd"},"versionId":"5","updateTime":"2021-05-25T22:39:42Z","buildId":"8891f2a8-072f-4567-9b56-cc8b2929b65f","buildName":"projects/709946744730/locations/us-central1/builds/8891f2a8-072f-4567-9b56-cc8b2929b65f"}}
[debug] [2021-05-25T22:40:14.207Z] [update-projects/rhynocare-test/locations/us-central1/functions/api] Retrying task index 0
[debug] [2021-05-25T22:40:14.209Z] >>> [apiv2][query] GET https://cloudfunctions.googleapis.com/v1/operations/cmh5bm9jYXJlLXRlc3QvdXMtY2VudHJhbDEvYXBpL0tOc3VmZk9DdjQw [none]
[debug] [2021-05-25T22:40:14.378Z] <<< [apiv2][status] GET https://cloudfunctions.googleapis.com/v1/operations/cmh5bm9jYXJlLXRlc3QvdXMtY2VudHJhbDEvYXBpL0tOc3VmZk9DdjQw 200
[debug] [2021-05-25T22:40:14.379Z] <<< [apiv2][body] GET https://cloudfunctions.googleapis.com/v1/operations/cmh5bm9jYXJlLXRlc3QvdXMtY2VudHJhbDEvYXBpL0tOc3VmZk9DdjQw {"name":"operations/cmh5bm9jYXJlLXRlc3QvdXMtY2VudHJhbDEvYXBpL0tOc3VmZk9DdjQw","metadata":{"@type":"type.googleapis.com/google.cloud.functions.v1.OperationMetadataV1","target":"projects/rhynocare-test/locations/us-central1/functions/api","type":"UPDATE_FUNCTION","request":{"@type":"type.googleapis.com/google.cloud.functions.v1.CloudFunction","name":"projects/rhynocare-test/locations/us-central1/functions/api","httpsTrigger":{},"status":"OFFLINE","entryPoint":"api","timeout":"60s","availableMemoryMb":256,"serviceAccountEmail":"rhynocare-test@appspot.gserviceaccount.com","updateTime":"2021-05-25T22:27:42.482Z","versionId":"4","labels":{"deployment-tool":"cli-firebase"},"sourceUploadUrl":"https://storage.googleapis.com/gcf-upload-us-central1-24612c4e-895b-43e4-976b-d44a46bc53f7/7325c5e8-d802-438c-bfac-552e4720fd85.zip?GoogleAccessId=service-709946744730@gcf-admin-robot.iam.gserviceaccount.com&Expires=1621984181&Signature=iZ%2FrRh2Es%2Bl0WGN%2BsbtcHvbZ522PhFxSx2Kw5URoZ8O59okgnEr6JLHyS%2Bc%2FU5%2BGnonXYZ%2BiHkzWKw8YJBI27mozaZbJ%2F4RP76zbLj44ctTSe3HLyqL3xyTT2mnuH2dSW3QndfM0PeBV97Ypu8q9BVNSQdFgp6QoIHvfg7C2T0NYLEr9xTojmtToEwY5qvtjluZ23l1vL6P2ku2TccNZbW523IMMVOl3tODgfwzcQRC5uNA6chuPacKKWQKztDAgoV2HJpBw9dvpITK%2F%2BZJeHnC9FiCOAD8JPD%2F1jymljbF0RB%2BGjqS%2B4q%2FvU0dhXg7aMpRGW4Tjc2Rh5fmcLtXGgA%3D%3D","environmentVariables":{"FIREBASE_CONFIG":"{\"projectId\":\"rhynocare-test\",\"storageBucket\":\"rhynocare-test.appspot.com\"}"},"runtime":"nodejs12","ingressSettings":"ALLOW_ALL","buildId":"90724770-f0c7-444e-9809-42bf77b4edbd"},"versionId":"5","updateTime":"2021-05-25T22:39:42Z","buildId":"8891f2a8-072f-4567-9b56-cc8b2929b65f","buildName":"projects/709946744730/locations/us-central1/builds/8891f2a8-072f-4567-9b56-cc8b2929b65f"}}
[debug] [2021-05-25T22:40:46.389Z] [update-projects/rhynocare-test/locations/us-central1/functions/api] Retrying task index 0
[debug] [2021-05-25T22:40:46.390Z] >>> [apiv2][query] GET https://cloudfunctions.googleapis.com/v1/operations/cmh5bm9jYXJlLXRlc3QvdXMtY2VudHJhbDEvYXBpL0tOc3VmZk9DdjQw [none]
[debug] [2021-05-25T22:40:46.562Z] <<< [apiv2][status] GET https://cloudfunctions.googleapis.com/v1/operations/cmh5bm9jYXJlLXRlc3QvdXMtY2VudHJhbDEvYXBpL0tOc3VmZk9DdjQw 200
[debug] [2021-05-25T22:40:46.563Z] <<< [apiv2][body] GET https://cloudfunctions.googleapis.com/v1/operations/cmh5bm9jYXJlLXRlc3QvdXMtY2VudHJhbDEvYXBpL0tOc3VmZk9DdjQw {"name":"operations/cmh5bm9jYXJlLXRlc3QvdXMtY2VudHJhbDEvYXBpL0tOc3VmZk9DdjQw","metadata":{"@type":"type.googleapis.com/google.cloud.functions.v1.OperationMetadataV1","target":"projects/rhynocare-test/locations/us-central1/functions/api","type":"UPDATE_FUNCTION","request":{"@type":"type.googleapis.com/google.cloud.functions.v1.CloudFunction","name":"projects/rhynocare-test/locations/us-central1/functions/api","httpsTrigger":{},"status":"OFFLINE","entryPoint":"api","timeout":"60s","availableMemoryMb":256,"serviceAccountEmail":"rhynocare-test@appspot.gserviceaccount.com","updateTime":"2021-05-25T22:27:42.482Z","versionId":"4","labels":{"deployment-tool":"cli-firebase"},"sourceUploadUrl":"https://storage.googleapis.com/gcf-upload-us-central1-24612c4e-895b-43e4-976b-d44a46bc53f7/7325c5e8-d802-438c-bfac-552e4720fd85.zip?GoogleAccessId=service-709946744730@gcf-admin-robot.iam.gserviceaccount.com&Expires=1621984181&Signature=iZ%2FrRh2Es%2Bl0WGN%2BsbtcHvbZ522PhFxSx2Kw5URoZ8O59okgnEr6JLHyS%2Bc%2FU5%2BGnonXYZ%2BiHkzWKw8YJBI27mozaZbJ%2F4RP76zbLj44ctTSe3HLyqL3xyTT2mnuH2dSW3QndfM0PeBV97Ypu8q9BVNSQdFgp6QoIHvfg7C2T0NYLEr9xTojmtToEwY5qvtjluZ23l1vL6P2ku2TccNZbW523IMMVOl3tODgfwzcQRC5uNA6chuPacKKWQKztDAgoV2HJpBw9dvpITK%2F%2BZJeHnC9FiCOAD8JPD%2F1jymljbF0RB%2BGjqS%2B4q%2FvU0dhXg7aMpRGW4Tjc2Rh5fmcLtXGgA%3D%3D","environmentVariables":{"FIREBASE_CONFIG":"{\"projectId\":\"rhynocare-test\",\"storageBucket\":\"rhynocare-test.appspot.com\"}"},"runtime":"nodejs12","ingressSettings":"ALLOW_ALL","buildId":"90724770-f0c7-444e-9809-42bf77b4edbd"},"versionId":"5","updateTime":"2021-05-25T22:39:42Z","buildId":"8891f2a8-072f-4567-9b56-cc8b2929b65f","buildName":"projects/709946744730/locations/us-central1/builds/8891f2a8-072f-4567-9b56-cc8b2929b65f"}}
[debug] [2021-05-25T22:41:46.580Z] [update-projects/rhynocare-test/locations/us-central1/functions/api] Retrying task index 0
[debug] [2021-05-25T22:41:46.581Z] >>> [apiv2][query] GET https://cloudfunctions.googleapis.com/v1/operations/cmh5bm9jYXJlLXRlc3QvdXMtY2VudHJhbDEvYXBpL0tOc3VmZk9DdjQw [none]
[debug] [2021-05-25T22:41:46.762Z] <<< [apiv2][status] GET https://cloudfunctions.googleapis.com/v1/operations/cmh5bm9jYXJlLXRlc3QvdXMtY2VudHJhbDEvYXBpL0tOc3VmZk9DdjQw 200
[debug] [2021-05-25T22:41:46.763Z] <<< [apiv2][body] GET https://cloudfunctions.googleapis.com/v1/operations/cmh5bm9jYXJlLXRlc3QvdXMtY2VudHJhbDEvYXBpL0tOc3VmZk9DdjQw {"name":"operations/cmh5bm9jYXJlLXRlc3QvdXMtY2VudHJhbDEvYXBpL0tOc3VmZk9DdjQw","metadata":{"@type":"type.googleapis.com/google.cloud.functions.v1.OperationMetadataV1","target":"projects/rhynocare-test/locations/us-central1/functions/api","type":"UPDATE_FUNCTION","request":{"@type":"type.googleapis.com/google.cloud.functions.v1.CloudFunction","name":"projects/rhynocare-test/locations/us-central1/functions/api","httpsTrigger":{},"status":"OFFLINE","entryPoint":"api","timeout":"60s","availableMemoryMb":256,"serviceAccountEmail":"rhynocare-test@appspot.gserviceaccount.com","updateTime":"2021-05-25T22:27:42.482Z","versionId":"4","labels":{"deployment-tool":"cli-firebase"},"sourceUploadUrl":"https://storage.googleapis.com/gcf-upload-us-central1-24612c4e-895b-43e4-976b-d44a46bc53f7/7325c5e8-d802-438c-bfac-552e4720fd85.zip?GoogleAccessId=service-709946744730@gcf-admin-robot.iam.gserviceaccount.com&Expires=1621984181&Signature=iZ%2FrRh2Es%2Bl0WGN%2BsbtcHvbZ522PhFxSx2Kw5URoZ8O59okgnEr6JLHyS%2Bc%2FU5%2BGnonXYZ%2BiHkzWKw8YJBI27mozaZbJ%2F4RP76zbLj44ctTSe3HLyqL3xyTT2mnuH2dSW3QndfM0PeBV97Ypu8q9BVNSQdFgp6QoIHvfg7C2T0NYLEr9xTojmtToEwY5qvtjluZ23l1vL6P2ku2TccNZbW523IMMVOl3tODgfwzcQRC5uNA6chuPacKKWQKztDAgoV2HJpBw9dvpITK%2F%2BZJeHnC9FiCOAD8JPD%2F1jymljbF0RB%2BGjqS%2B4q%2FvU0dhXg7aMpRGW4Tjc2Rh5fmcLtXGgA%3D%3D","environmentVariables":{"FIREBASE_CONFIG":"{\"projectId\":\"rhynocare-test\",\"storageBucket\":\"rhynocare-test.appspot.com\"}"},"runtime":"nodejs12","ingressSettings":"ALLOW_ALL","buildId":"90724770-f0c7-444e-9809-42bf77b4edbd"},"versionId":"5","updateTime":"2021-05-25T22:41:07Z","buildId":"8891f2a8-072f-4567-9b56-cc8b2929b65f","sourceToken":"875f3842-e942-4ffb-b070-a16e3d74d627","buildName":"projects/709946744730/locations/us-central1/builds/8891f2a8-072f-4567-9b56-cc8b2929b65f"},"done":true,"error":{"code":3,"message":"Function failed on loading user code. This is likely due to a bug in the user code. Error message: Error: please examine your function logs to see the error cause: https://cloud.google.com/functions/docs/monitoring/logging#viewing_logs. Additional troubleshooting documentation can be found at https://cloud.google.com/functions/docs/troubleshooting#logging. Please visit https://cloud.google.com/functions/docs/troubleshooting for in-depth troubleshooting documentation."}}
[debug] [2021-05-25T22:41:46.767Z] Got sourceToken 875f3842-e942-4ffb-b070-a16e3d74d627 for region us-central1
[debug] [2021-05-25T22:41:46.783Z] Total Function Deployment time: 125815
[debug] [2021-05-25T22:41:46.784Z] 1 Functions Deployed
[debug] [2021-05-25T22:41:46.784Z] 1 Functions Errored
[debug] [2021-05-25T22:41:46.785Z] Average Function Deployment time: 125815
[debug] [2021-05-25T22:41:46.788Z] > refreshing access token with scopes: ["email","https://www.googleapis.com/auth/cloud-platform","https://www.googleapis.com/auth/cloudplatformprojects.readonly","https://www.googleapis.com/auth/firebase","openid"]
[debug] [2021-05-25T22:41:46.789Z] >>> HTTP REQUEST POST https://www.googleapis.com/oauth2/v3/token  
 <request body omitted>
[info] 
Functions deploy had errors with the following functions:
[info] 	api(us-central1)
[info] 
To try redeploying those functions, run:
[info]     firebase deploy --only "functions:api"
[info] 
To continue deploying other features (such as database), run:
[info]     firebase deploy --except functions
[debug] [2021-05-25T22:41:46.793Z] 	Error during update for projects/rhynocare-test/locations/us-central1/functions/api: 
[error] 
[error] Error: Functions did not deploy properly.
[debug] [2021-05-25T22:41:46.968Z] <<< HTTP RESPONSE 200 {"expires":"Mon, 01 Jan 1990 00:00:00 GMT","date":"Tue, 25 May 2021 22:41:47 GMT","pragma":"no-cache","cache-control":"no-cache, no-store, max-age=0, must-revalidate","content-type":"application/json; charset=utf-8","vary":"X-Origin, Referer, Origin,Accept-Encoding","server":"scaffolding on HTTPServer2","x-xss-protection":"0","x-frame-options":"SAMEORIGIN","x-content-type-options":"nosniff","alt-svc":"h3-29=\":443\"; ma=2592000,h3-T051=\":443\"; ma=2592000,h3-Q050=\":443\"; ma=2592000,h3-Q046=\":443\"; ma=2592000,h3-Q043=\":443\"; ma=2592000,quic=\":443\"; ma=2592000; v=\"46,43\"","accept-ranges":"none","transfer-encoding":"chunked"}
[debug] [2021-05-25T22:41:47.002Z] >>> HTTP REQUEST GET https://cloudfunctions.googleapis.com/v1/projects/rhynocare-test/locations/-/functions  
 
